#
# There is insufficient memory for the Java Runtime Environment to continue.
# Native memory allocation (mmap) failed to map 134217728 bytes for G1 virtual space
# Possible reasons:
#   The system is out of physical RAM or swap space
#   The process is running with CompressedOops enabled, and the Java Heap may be blocking the growth of the native heap
# Possible solutions:
#   Reduce memory load on the system
#   Increase physical memory or swap space
#   Check if swap backing store is full
#   Decrease Java heap size (-Xmx/-Xms)
#   Decrease number of Java threads
#   Decrease Java thread stack sizes (-Xss)
#   Set larger code cache with -XX:ReservedCodeCacheSize=
#   JVM is running with Unscaled Compressed Oops mode in which the Java heap is
#     placed in the first 4GB address space. The Java Heap base address is the
#     maximum limit for the native heap growth. Please use -XX:HeapBaseMinAddress
#     to set the Java Heap base and to place the Java Heap above 4GB virtual address.
# This output file may be truncated or incomplete.
#
#  Out of Memory Error (os_windows.cpp:3535), pid=2020, tid=7568
#
# JRE version:  (17.0.4.1+1) (build )
# Java VM: Java HotSpot(TM) 64-Bit Server VM (17.0.4.1+1-LTS-2, mixed mode, sharing, tiered, compressed oops, compressed class ptrs, g1 gc, windows-amd64)
# No core dump will be written. Minidumps are not enabled by default on client versions of Windows
#

---------------  S U M M A R Y ------------

Command Line: -ea -Dfile.encoding=UTF-8 -XX:+ShowCodeDetailsInExceptionMessages org.testng.remote.RemoteTestNG -serport 51581 -protocol json -d C:\Users\DIVYA\eclipse-workspace\success\test-output C:\Users\DIVYA\eclipse-workspace\success\testng_crossBrowser.xml

Host: Intel(R) Core(TM) i5-4210U CPU @ 1.70GHz, 4 cores, 7G,  Windows 10 , 64 bit Build 19041 (10.0.19041.1889)
Time: Fri Oct 21 07:31:40 2022 Pacific Daylight Time elapsed time: 0.026558 seconds (0d 0h 0m 0s)

---------------  T H R E A D  ---------------

Current thread (0x000002f98b7f6bf0):  JavaThread "Unknown thread" [_thread_in_vm, id=7568, stack(0x000000ffbc700000,0x000000ffbc800000)]

Stack: [0x000000ffbc700000,0x000000ffbc800000]
Native frames: (J=compiled Java code, j=interpreted, Vv=VM code, C=native code)
V  [jvm.dll+0x6723ba]
V  [jvm.dll+0x7d1e34]
V  [jvm.dll+0x7d35de]
V  [jvm.dll+0x7d3c43]
V  [jvm.dll+0x243065]
V  [jvm.dll+0x66f2d9]
V  [jvm.dll+0x663c22]
V  [jvm.dll+0x3011cb]
V  [jvm.dll+0x308766]
V  [jvm.dll+0x35846e]
V  [jvm.dll+0x35869f]
V  [jvm.dll+0x2d83e8]
V  [jvm.dll+0x2d9354]
V  [jvm.dll+0x7a3911]
V  [jvm.dll+0x3662c1]
V  [jvm.dll+0x782d7c]
V  [jvm.dll+0x3e8c1f]
V  [jvm.dll+0x3ea6c1]
C  [jli.dll+0x527b]
C  [ucrtbase.dll+0x21bb2]
C  [KERNEL32.DLL+0x17034]
C  [ntdll.dll+0x526a1]


---------------  P R O C E S S  ---------------

Threads class SMR info:
_java_thread_list=0x00007ffc90b9a858, length=0, elements={
}

Java Threads: ( => current thread )

Other Threads:
  0x000002f98b850210 GCTaskThread "GC Thread#0" [stack: 0x000000ffbc800000,0x000000ffbc900000] [id=5416]
  0x000002f98b861ee0 ConcurrentGCThread "G1 Main Marker" [stack: 0x000000ffbc900000,0x000000ffbca00000] [id=14808]
  0x000002f98b8631d0 ConcurrentGCThread "G1 Conc#0" [stack: 0x000000ffbca00000,0x000000ffbcb00000] [id=9560]

[error occurred during error reporting (printing all threads), id 0xc0000005, EXCEPTION_ACCESS_VIOLATION (0xc0000005) at pc=0x00007ffc903e8dd7]

VM state: not at safepoint (not fully initialized)

VM Mutex/Monitor currently owned by a thread:  ([mutex/lock_event])
[0x000002f98981a4b0] Heap_lock - owner thread: 0x000002f98b7f6bf0

Heap address: 0x0000000081400000, size: 2028 MB, Compressed Oops mode: 32-bit

CDS archive(s) mapped at: [0x0000000000000000-0x0000000000000000-0x0000000000000000), size 0, SharedBaseAddress: 0x0000000800000000, ArchiveRelocationMode: 0.
Narrow klass base: 0x0000000000000000, Narrow klass shift: 0, Narrow klass range: 0x0

GC Precious Log:
<Empty>

Heap:
 garbage-first heap   total 0K, used 0K [0x0000000081400000, 0x0000000100000000)
  region size 1024K, 0 young (0K), 0 survivors (0K)

[error occurred during error reporting (printing heap information), id 0xc0000005, EXCEPTION_ACCESS_VIOLATION (0xc0000005) at pc=0x00007ffc907cb869]

GC Heap History (0 events):
No events

Deoptimization events (0 events):
No events

Classes unloaded (0 events):
No events

Classes redefined (0 events):
No events

Internal exceptions (0 events):
No events

VM Operations (0 events):
No events

Events (1 events):
Event: 0.017 Loaded shared library C:\Program Files\Java\jdk-17.0.4.1\bin\java.dll


Dynamic libraries:
0x00007ff7edf20000 - 0x00007ff7edf30000 	C:\Program Files\Java\jdk-17.0.4.1\bin\javaw.exe
0x00007ffcd4c90000 - 0x00007ffcd4e88000 	C:\Windows\SYSTEM32\ntdll.dll
0x00007ffcd2cf0000 - 0x00007ffcd2dad000 	C:\Windows\System32\KERNEL32.DLL
0x00007ffcd28f0000 - 0x00007ffcd2bbe000 	C:\Windows\System32\KERNELBASE.dll
0x00007ffcd24b0000 - 0x00007ffcd25b0000 	C:\Windows\System32\ucrtbase.dll
0x00007ffcc4e60000 - 0x00007ffcc4e78000 	C:\Program Files\Java\jdk-17.0.4.1\bin\jli.dll
0x00007ffcd4530000 - 0x00007ffcd45de000 	C:\Windows\System32\ADVAPI32.dll
0x00007ffcd4750000 - 0x00007ffcd47ee000 	C:\Windows\System32\msvcrt.dll
0x00007ffcd3c90000 - 0x00007ffcd3d2c000 	C:\Windows\System32\sechost.dll
0x00007ffcd2db0000 - 0x00007ffcd2ed5000 	C:\Windows\System32\RPCRT4.dll
0x00007ffcd3dc0000 - 0x00007ffcd3f60000 	C:\Windows\System32\USER32.dll
0x00007ffcd2650000 - 0x00007ffcd2672000 	C:\Windows\System32\win32u.dll
0x00007ffcd3f60000 - 0x00007ffcd3f8a000 	C:\Windows\System32\GDI32.dll
0x00007ffcd2680000 - 0x00007ffcd278b000 	C:\Windows\System32\gdi32full.dll
0x00007ffcd25b0000 - 0x00007ffcd264d000 	C:\Windows\System32\msvcp_win.dll
0x00007ffcc4e40000 - 0x00007ffcc4e5a000 	C:\Program Files\Java\jdk-17.0.4.1\bin\VCRUNTIME140.dll
0x00007ffcc5a80000 - 0x00007ffcc5d1a000 	C:\Windows\WinSxS\amd64_microsoft.windows.common-controls_6595b64144ccf1df_6.0.19041.1110_none_60b5254171f9507e\COMCTL32.dll
0x00007ffcc6e30000 - 0x00007ffcc6e3a000 	C:\Windows\SYSTEM32\VERSION.dll
0x00007ffcd4b50000 - 0x00007ffcd4b80000 	C:\Windows\System32\IMM32.DLL
0x00007ffccdf40000 - 0x00007ffccdf4c000 	C:\Program Files\Java\jdk-17.0.4.1\bin\vcruntime140_1.dll
0x00007ffc9ddf0000 - 0x00007ffc9de7d000 	C:\Program Files\Java\jdk-17.0.4.1\bin\msvcp140.dll
0x00007ffc90100000 - 0x00007ffc90cc2000 	C:\Program Files\Java\jdk-17.0.4.1\bin\server\jvm.dll
0x00007ffcd4300000 - 0x00007ffcd4308000 	C:\Windows\System32\PSAPI.DLL
0x00007ffcba280000 - 0x00007ffcba289000 	C:\Windows\SYSTEM32\WSOCK32.dll
0x00007ffcd4310000 - 0x00007ffcd437b000 	C:\Windows\System32\WS2_32.dll
0x00007ffcc4080000 - 0x00007ffcc40a7000 	C:\Windows\SYSTEM32\WINMM.dll
0x00007ffcd02a0000 - 0x00007ffcd02b2000 	C:\Windows\SYSTEM32\kernel.appcore.dll
0x00007ffcb8960000 - 0x00007ffcb896a000 	C:\Program Files\Java\jdk-17.0.4.1\bin\jimage.dll
0x00007ffcbe6f0000 - 0x00007ffcbe8d4000 	C:\Windows\SYSTEM32\DBGHELP.DLL
0x00007ffcbe6c0000 - 0x00007ffcbe6ec000 	C:\Windows\SYSTEM32\dbgcore.DLL
0x00007ffcd23b0000 - 0x00007ffcd2432000 	C:\Windows\System32\bcryptPrimitives.dll
0x00007ffc91360000 - 0x00007ffc91385000 	C:\Program Files\Java\jdk-17.0.4.1\bin\java.dll

dbghelp: loaded successfully - version: 4.0.5 - missing functions: none
symbol engine: initialized successfully - sym options: 0x614 - pdb path: .;C:\Program Files\Java\jdk-17.0.4.1\bin;C:\Windows\SYSTEM32;C:\Windows\WinSxS\amd64_microsoft.windows.common-controls_6595b64144ccf1df_6.0.19041.1110_none_60b5254171f9507e;C:\Program Files\Java\jdk-17.0.4.1\bin\server

VM Arguments:
jvm_args: -ea -Dfile.encoding=UTF-8 -XX:+ShowCodeDetailsInExceptionMessages 
java_command: org.testng.remote.RemoteTestNG -serport 51581 -protocol json -d C:\Users\DIVYA\eclipse-workspace\success\test-output C:\Users\DIVYA\eclipse-workspace\success\testng_crossBrowser.xml
java_class_path (initial): C:\Users\DIVYA\eclipse\java-2022-06\eclipse\configuration\org.eclipse.osgi\429\0\.cp\lib\testng-remote.jar;C:\Users\DIVYA\eclipse-workspace\success\target\test-classes;C:\Users\DIVYA\eclipse-workspace\success\target\classes;C:\Users\DIVYA\.m2\repository\org\seleniumhq\selenium\selenium-java\4.5.0\selenium-java-4.5.0.jar;C:\Users\DIVYA\.m2\repository\org\seleniumhq\selenium\selenium-api\4.5.0\selenium-api-4.5.0.jar;C:\Users\DIVYA\.m2\repository\org\seleniumhq\selenium\selenium-chrome-driver\4.5.0\selenium-chrome-driver-4.5.0.jar;C:\Users\DIVYA\.m2\repository\com\google\auto\service\auto-service-annotations\1.0.1\auto-service-annotations-1.0.1.jar;C:\Users\DIVYA\.m2\repository\com\google\auto\service\auto-service\1.0.1\auto-service-1.0.1.jar;C:\Users\DIVYA\.m2\repository\com\google\auto\auto-common\1.2\auto-common-1.2.jar;C:\Users\DIVYA\.m2\repository\com\google\guava\guava\31.1-jre\guava-31.1-jre.jar;C:\Users\DIVYA\.m2\repository\com\google\guava\failureaccess\1.0.1\failureaccess-1.0.1.jar;C:\Users\DIVYA\.m2\repository\com\google\guava\listenablefuture\9999.0-empty-to-avoid-conflict-with-guava\listenablefuture-9999.0-empty-to-avoid-conflict-with-guava.jar;C:\Users\DIVYA\.m2\repository\org\checkerframework\checker-qual\3.12.0\checker-qual-3.12.0.jar;C:\Users\DIVYA\.m2\repository\com\google\errorprone\error_prone_annotations\2.11.0\error_prone_annotations-2.11.0.jar;C:\Users\DIVYA\.m2\repository\com\google\j2objc\j2objc-annotations\1.3\j2objc-annotations-1.3.jar;C:\Users\DIVYA\.m2\repository\org\seleniumhq\selenium\selenium-chromium-driver\4.5.0\selenium-chromium-driver-4.5.0.jar;C:\Users\DIVYA\.m2\repository\org\seleniumhq\selenium\selenium-json\4.5.0\selenium-json-4.5.0.jar;C:\Users\DIVYA\.m2\repository\org\seleniumhq\selenium\selenium-devtools-v104\4.5.0\selenium-devtools-v104-4.5.0.jar;C:\Users\DIVYA\.m2\repository\org\seleniumhq\selenium\selenium-devtools-v105\4.5.0\selenium-devtools-v105-4.5.0.jar;C:\Users\DIVYA\.m2\repository\org\sel
Launcher Type: SUN_STANDARD

[Global flags]
     intx CICompilerCount                          = 3                                         {product} {ergonomic}
     uint ConcGCThreads                            = 1                                         {product} {ergonomic}
     uint G1ConcRefinementThreads                  = 4                                         {product} {ergonomic}
   size_t G1HeapRegionSize                         = 1048576                                   {product} {ergonomic}
    uintx GCDrainStackTargetSize                   = 64                                        {product} {ergonomic}
   size_t InitialHeapSize                          = 134217728                                 {product} {ergonomic}
   size_t MarkStackSize                            = 4194304                                   {product} {ergonomic}
   size_t MaxHeapSize                              = 2126512128                                {product} {ergonomic}
   size_t MinHeapDeltaBytes                        = 1048576                                   {product} {ergonomic}
   size_t MinHeapSize                              = 8388608                                   {product} {ergonomic}
    uintx NonNMethodCodeHeapSize                   = 5832780                                {pd product} {ergonomic}
    uintx NonProfiledCodeHeapSize                  = 122912730                              {pd product} {ergonomic}
    uintx ProfiledCodeHeapSize                     = 122912730                              {pd product} {ergonomic}
    uintx ReservedCodeCacheSize                    = 251658240                              {pd product} {ergonomic}
     bool SegmentedCodeCache                       = true                                      {product} {ergonomic}
     bool ShowCodeDetailsInExceptionMessages       = true                                   {manageable} {command line}
   size_t SoftMaxHeapSize                          = 2126512128                             {manageable} {ergonomic}
     bool UseCompressedClassPointers               = true                           {product lp64_product} {ergonomic}
     bool UseCompressedOops                        = true                           {product lp64_product} {ergonomic}
     bool UseG1GC                                  = true                                      {product} {ergonomic}
     bool UseLargePagesIndividualAllocation        = false                                  {pd product} {ergonomic}

Logging:
Log output configuration:
 #0: stdout all=warning uptime,level,tags
 #1: stderr all=off uptime,level,tags

Environment Variables:
JAVA_HOME=C:\Program Files\Java\jdk-17.0.4.1
PATH=C:/Program Files/Java/jdk-17.0.4.1/bin/server;C:/Program Files/Java/jdk-17.0.4.1/bin;C:\Program Files\Java\jdk-17.0.4.1\bin;C:\Users\DIVYA\maven\apache-maven-3.8.6\bin;C:\Program Files\Common Files\Oracle\Java\javapath;C:\Windows\system32;C:\Windows;C:\Windows\System32\Wbem;C:\Windows\System32\WindowsPowerShell\v1.0\;C:\Windows\System32\OpenSSH\;C:\Program Files\Git\cmd;C:\maven\apache-maven-3.8.6\bin;%M2_home%\bin;C:\maven\apache-maven-3.8.6;C:\Users\DIVYA\AppData\Local\Microsoft\WindowsApps;;C:\Users\DIVYA\AppData\Local\Programs\Microsoft VS Code\bin;C:\Users\DIVYA\Desktop;
USERNAME=DIVYA
OS=Windows_NT
PROCESSOR_IDENTIFIER=Intel64 Family 6 Model 69 Stepping 1, GenuineIntel



---------------  S Y S T E M  ---------------

OS:
 Windows 10 , 64 bit Build 19041 (10.0.19041.1889)
OS uptime: 16 days 10:18 hours

CPU: total 4 (initial active 4) (2 cores per cpu, 2 threads per core) family 6 model 69 stepping 1 microcode 0x25, cx8, cmov, fxsr, ht, mmx, sse, sse2, sse3, ssse3, sse4.1, sse4.2, popcnt, lzcnt, tsc, tscinvbit, avx, avx2, aes, erms, clmul, bmi1, bmi2, fma, vzeroupper, clflush

Memory: 4k page, system-wide physical 8108M (2030M free)
TotalPageFile size 10647M (AvailPageFile size 113M)
current process WorkingSet (physical memory assigned to process): 10M, peak: 10M
current process commit charge ("private bytes"): 51M, peak: 179M

vm_info: Java HotSpot(TM) 64-Bit Server VM (17.0.4.1+1-LTS-2) for windows-amd64 JRE (17.0.4.1+1-LTS-2), built on Aug 16 2022 18:32:06 by "mach5one" with MS VC++ 16.8 / 16.9 (VS2019)

END.
