#
# There is insufficient memory for the Java Runtime Environment to continue.
# Native memory allocation (malloc) failed to allocate 32744 bytes for ChunkPool::allocate
# Possible reasons:
#   The system is out of physical RAM or swap space
#   The process is running with CompressedOops enabled, and the Java Heap may be blocking the growth of the native heap
# Possible solutions:
#   Reduce memory load on the system
#   Increase physical memory or swap space
#   Check if swap backing store is full
#   Decrease Java heap size (-Xmx/-Xms)
#   Decrease number of Java threads
#   Decrease Java thread stack sizes (-Xss)
#   Set larger code cache with -XX:ReservedCodeCacheSize=
#   JVM is running with Unscaled Compressed Oops mode in which the Java heap is
#     placed in the first 4GB address space. The Java Heap base address is the
#     maximum limit for the native heap growth. Please use -XX:HeapBaseMinAddress
#     to set the Java Heap base and to place the Java Heap above 4GB virtual address.
# This output file may be truncated or incomplete.
#
#  Out of Memory Error (arena.cpp:78), pid=12424, tid=13796
#
# JRE version: Java(TM) SE Runtime Environment (17.0.4.1+1) (build 17.0.4.1+1-LTS-2)
# Java VM: Java HotSpot(TM) 64-Bit Server VM (17.0.4.1+1-LTS-2, mixed mode, sharing, tiered, compressed oops, compressed class ptrs, g1 gc, windows-amd64)
# No core dump will be written. Minidumps are not enabled by default on client versions of Windows
#

---------------  S U M M A R Y ------------

Command Line: -ea -Dfile.encoding=UTF-8 -XX:+ShowCodeDetailsInExceptionMessages org.testng.remote.RemoteTestNG -serport 51406 -protocol json -d C:\Users\DIVYA\eclipse-workspace\success\test-output C:\Users\DIVYA\eclipse-workspace\success\testng2smoke.xml

Host: Intel(R) Core(TM) i5-4210U CPU @ 1.70GHz, 4 cores, 7G,  Windows 10 , 64 bit Build 19041 (10.0.19041.1889)
Time: Fri Oct 21 06:56:00 2022 Pacific Daylight Time elapsed time: 17.726540 seconds (0d 0h 0m 17s)

---------------  T H R E A D  ---------------

Current thread (0x0000023fefb94670):  JavaThread "C1 CompilerThread0" daemon [_thread_in_native, id=13796, stack(0x000000bbff400000,0x000000bbff500000)]


Current CompileTask:
C1:  17726 2835       3       java.util.regex.Matcher::appendExpandedReplacement (510 bytes)

Stack: [0x000000bbff400000,0x000000bbff500000]
Native frames: (J=compiled Java code, j=interpreted, Vv=VM code, C=native code)
V  [jvm.dll+0x6723ba]
V  [jvm.dll+0x7d1e34]
V  [jvm.dll+0x7d35de]
V  [jvm.dll+0x7d3c43]
V  [jvm.dll+0x243065]
V  [jvm.dll+0xaa7c0]
V  [jvm.dll+0xaab0c]
V  [jvm.dll+0x11a715]
V  [jvm.dll+0x17ef86]
V  [jvm.dll+0x180a0d]
V  [jvm.dll+0x18009b]
V  [jvm.dll+0x147e5b]
V  [jvm.dll+0x132078]
V  [jvm.dll+0x132200]
V  [jvm.dll+0x1324c6]
V  [jvm.dll+0x13195a]
V  [jvm.dll+0x133621]
V  [jvm.dll+0x224e08]
V  [jvm.dll+0x222f75]
V  [jvm.dll+0x787a0b]
V  [jvm.dll+0x781fca]
V  [jvm.dll+0x671245]
C  [ucrtbase.dll+0x21bb2]
C  [KERNEL32.DLL+0x17034]
C  [ntdll.dll+0x526a1]


---------------  P R O C E S S  ---------------

Threads class SMR info:
_java_thread_list=0x0000023ff1a21fe0, length=25, elements={
0x0000023fd22f84c0, 0x0000023fefb6cd20, 0x0000023fefb6eb80, 0x0000023fefb80950,
0x0000023fefb83310, 0x0000023fefb83cc0, 0x0000023fefb8ff80, 0x0000023fefb90c60,
0x0000023fefb94670, 0x0000023fefba5820, 0x0000023ff0722e10, 0x0000023ff0752b70,
0x0000023ff10fd670, 0x0000023ff16e8cc0, 0x0000023ff13937a0, 0x0000023ff1fccf00,
0x0000023ff13379d0, 0x0000023ff0a09280, 0x0000023ff174dcb0, 0x0000023ff174f4c0,
0x0000023ff174e650, 0x0000023ff174eb20, 0x0000023ff33863c0, 0x0000023ff3382a00,
0x0000023ff3388a40
}

Java Threads: ( => current thread )
  0x0000023fd22f84c0 JavaThread "Forwarding isElementDisplayed on session 717eee7c081324e53347ab8b44bb89a2 to remote" [_thread_blocked, id=6112, stack(0x000000bbfe600000,0x000000bbfe700000)]
  0x0000023fefb6cd20 JavaThread "Reference Handler" daemon [_thread_blocked, id=10524, stack(0x000000bbfed00000,0x000000bbfee00000)]
  0x0000023fefb6eb80 JavaThread "Finalizer" daemon [_thread_blocked, id=2628, stack(0x000000bbfee00000,0x000000bbfef00000)]
  0x0000023fefb80950 JavaThread "Signal Dispatcher" daemon [_thread_blocked, id=13224, stack(0x000000bbfef00000,0x000000bbff000000)]
  0x0000023fefb83310 JavaThread "Attach Listener" daemon [_thread_blocked, id=11716, stack(0x000000bbff000000,0x000000bbff100000)]
  0x0000023fefb83cc0 JavaThread "Service Thread" daemon [_thread_blocked, id=3452, stack(0x000000bbff100000,0x000000bbff200000)]
  0x0000023fefb8ff80 JavaThread "Monitor Deflation Thread" daemon [_thread_blocked, id=17428, stack(0x000000bbff200000,0x000000bbff300000)]
  0x0000023fefb90c60 JavaThread "C2 CompilerThread0" daemon [_thread_in_native, id=12500, stack(0x000000bbff300000,0x000000bbff400000)]
=>0x0000023fefb94670 JavaThread "C1 CompilerThread0" daemon [_thread_in_native, id=13796, stack(0x000000bbff400000,0x000000bbff500000)]
  0x0000023fefba5820 JavaThread "Sweeper thread" daemon [_thread_blocked, id=4124, stack(0x000000bbff500000,0x000000bbff600000)]
  0x0000023ff0722e10 JavaThread "Notification Thread" daemon [_thread_blocked, id=10744, stack(0x000000bbff600000,0x000000bbff700000)]
  0x0000023ff0752b70 JavaThread "Common-Cleaner" daemon [_thread_blocked, id=16756, stack(0x000000bbff800000,0x000000bbff900000)]
  0x0000023ff10fd670 JavaThread "ReaderThread" [_thread_in_native, id=18504, stack(0x000000bbffe00000,0x000000bbfff00000)]
  0x0000023ff16e8cc0 JavaThread "ForkJoinPool.commonPool-worker-1" daemon [_thread_blocked, id=14076, stack(0x000000bbfff00000,0x000000bc00000000)]
  0x0000023ff13937a0 JavaThread "ForkJoinPool.commonPool-worker-2" daemon [_thread_blocked, id=1236, stack(0x000000bb80000000,0x000000bb80100000)]
  0x0000023ff1fccf00 JavaThread "AsyncHttpClient-1-1" daemon [_thread_blocked, id=18200, stack(0x000000bb80200000,0x000000bb80300000)]
  0x0000023ff13379d0 JavaThread "Exec Default Executor" daemon [_thread_in_native, id=3304, stack(0x000000bb80300000,0x000000bb80400000)]
  0x0000023ff0a09280 JavaThread "Driver Service Executor" daemon [_thread_blocked, id=7824, stack(0x000000bb80400000,0x000000bb80500000)]
  0x0000023ff174dcb0 JavaThread "Driver Service Executor" daemon [_thread_blocked, id=6544, stack(0x000000bb80500000,0x000000bb80600000)]
  0x0000023ff174f4c0 JavaThread "UrlChecker-2" daemon [_thread_blocked, id=9516, stack(0x000000bb80600000,0x000000bb80700000)]
  0x0000023ff174e650 JavaThread "Exec Stream Pumper" daemon [_thread_in_native, id=19320, stack(0x000000bb80700000,0x000000bb80800000)]
  0x0000023ff174eb20 JavaThread "Exec Stream Pumper" daemon [_thread_in_native, id=12596, stack(0x000000bb80800000,0x000000bb80900000)]
  0x0000023ff33863c0 JavaThread "AsyncHttpClient-1-2" daemon [_thread_in_native, id=6004, stack(0x000000bb80a00000,0x000000bb80b00000)]
  0x0000023ff3382a00 JavaThread "AsyncHttpClient-1-3" daemon [_thread_in_native, id=10336, stack(0x000000bb80b00000,0x000000bb80c00000)]
  0x0000023ff3388a40 JavaThread "AsyncHttpClient-1-4" daemon [_thread_in_native, id=5872, stack(0x000000bb80c00000,0x000000bb80d00000)]

Other Threads:
  0x0000023fefb65450 VMThread "VM Thread" [stack: 0x000000bbfec00000,0x000000bbfed00000] [id=9420]
  0x0000023fd236e740 WatcherThread [stack: 0x000000bbff700000,0x000000bbff800000] [id=8280]
  0x0000023fd234f640 GCTaskThread "GC Thread#0" [stack: 0x000000bbfe700000,0x000000bbfe800000] [id=420]
  0x0000023ff0a69570 GCTaskThread "GC Thread#1" [stack: 0x000000bbffa00000,0x000000bbffb00000] [id=10056]
  0x0000023ff11e7ca0 GCTaskThread "GC Thread#2" [stack: 0x000000bbffb00000,0x000000bbffc00000] [id=15868]
  0x0000023ff1298c00 GCTaskThread "GC Thread#3" [stack: 0x000000bbffc00000,0x000000bbffd00000] [id=9024]
  0x0000023fd2361eb0 ConcurrentGCThread "G1 Main Marker" [stack: 0x000000bbfe800000,0x000000bbfe900000] [id=7080]
  0x0000023fd23628c0 ConcurrentGCThread "G1 Conc#0" [stack: 0x000000bbfe900000,0x000000bbfea00000] [id=18892]
  0x0000023fd23be040 ConcurrentGCThread "G1 Refine#0" [stack: 0x000000bbfea00000,0x000000bbfeb00000] [id=15944]
  0x0000023ff18d6850 ConcurrentGCThread "G1 Refine#1" [stack: 0x000000bb80100000,0x000000bb80200000] [id=18104]
  0x0000023fd23bea60 ConcurrentGCThread "G1 Service" [stack: 0x000000bbfeb00000,0x000000bbfec00000] [id=10788]

Threads with active compile tasks:
C2 CompilerThread0    17772 2829       4       java.util.regex.Pattern$BmpCharProperty::match (55 bytes)
C1 CompilerThread0    17772 2835       3       java.util.regex.Matcher::appendExpandedReplacement (510 bytes)

VM state: not at safepoint (normal execution)

VM Mutex/Monitor currently owned by a thread: None

Heap address: 0x0000000081400000, size: 2028 MB, Compressed Oops mode: 32-bit

CDS archive(s) mapped at: [0x0000000800000000-0x0000000800bc0000-0x0000000800bc0000), size 12320768, SharedBaseAddress: 0x0000000800000000, ArchiveRelocationMode: 0.
Compressed class space mapped at: 0x0000000800c00000-0x0000000840c00000, reserved size: 1073741824
Narrow klass base: 0x0000000800000000, Narrow klass shift: 0, Narrow klass range: 0x100000000

GC Precious Log:
 CPUs: 4 total, 4 available
 Memory: 8108M
 Large Page Support: Disabled
 NUMA Support: Disabled
 Compressed Oops: Enabled (32-bit)
 Heap Region Size: 1M
 Heap Min Capacity: 8M
 Heap Initial Capacity: 128M
 Heap Max Capacity: 2028M
 Pre-touch: Disabled
 Parallel Workers: 4
 Concurrent Workers: 1
 Concurrent Refinement Workers: 4
 Periodic GC: Disabled

Heap:
 garbage-first heap   total 55296K, used 27277K [0x0000000081400000, 0x0000000100000000)
  region size 1024K, 8 young (8192K), 2 survivors (2048K)
 Metaspace       used 28254K, committed 28544K, reserved 1081344K
  class space    used 3582K, committed 3712K, reserved 1048576K

Heap Regions: E=young(eden), S=young(survivor), O=old, HS=humongous(starts), HC=humongous(continues), CS=collection set, F=free, OA=open archive, CA=closed archive, TAMS=top-at-mark-start (previous, next)
|   0|0x0000000081400000, 0x0000000081500000, 0x0000000081500000|100%| O|  |TAMS 0x0000000081500000, 0x0000000081400000| Untracked 
|   1|0x0000000081500000, 0x0000000081600000, 0x0000000081600000|100%| O|  |TAMS 0x0000000081600000, 0x0000000081500000| Untracked 
|   2|0x0000000081600000, 0x0000000081700000, 0x0000000081700000|100%| O|  |TAMS 0x0000000081700000, 0x0000000081600000| Untracked 
|   3|0x0000000081700000, 0x0000000081800000, 0x0000000081800000|100%| O|  |TAMS 0x0000000081800000, 0x0000000081700000| Untracked 
|   4|0x0000000081800000, 0x0000000081900000, 0x0000000081900000|100%| O|  |TAMS 0x0000000081900000, 0x0000000081800000| Untracked 
|   5|0x0000000081900000, 0x0000000081a00000, 0x0000000081a00000|100%| O|  |TAMS 0x0000000081a00000, 0x0000000081900000| Untracked 
|   6|0x0000000081a00000, 0x0000000081b00000, 0x0000000081b00000|100%| O|  |TAMS 0x0000000081b00000, 0x0000000081a00000| Untracked 
|   7|0x0000000081b00000, 0x0000000081c00000, 0x0000000081c00000|100%| O|  |TAMS 0x0000000081c00000, 0x0000000081b00000| Untracked 
|   8|0x0000000081c00000, 0x0000000081cfc000, 0x0000000081d00000| 98%| O|  |TAMS 0x0000000081cfc000, 0x0000000081c00000| Untracked 
|   9|0x0000000081d00000, 0x0000000081e00000, 0x0000000081e00000|100%|HS|  |TAMS 0x0000000081e00000, 0x0000000081d00000| Complete 
|  10|0x0000000081e00000, 0x0000000081f00000, 0x0000000081f00000|100%|HC|  |TAMS 0x0000000081f00000, 0x0000000081e00000| Complete 
|  11|0x0000000081f00000, 0x0000000082000000, 0x0000000082000000|100%|HC|  |TAMS 0x0000000082000000, 0x0000000081f00000| Complete 
|  12|0x0000000082000000, 0x0000000082100000, 0x0000000082100000|100%|HC|  |TAMS 0x0000000082100000, 0x0000000082000000| Complete 
|  13|0x0000000082100000, 0x0000000082200000, 0x0000000082200000|100%|HC|  |TAMS 0x0000000082200000, 0x0000000082100000| Complete 
|  14|0x0000000082200000, 0x0000000082300000, 0x0000000082300000|100%| O|  |TAMS 0x0000000082200000, 0x0000000082200000| Untracked 
|  15|0x0000000082300000, 0x0000000082400000, 0x0000000082400000|100%| O|  |TAMS 0x0000000082300000, 0x0000000082300000| Untracked 
|  16|0x0000000082400000, 0x0000000082500000, 0x0000000082500000|100%| O|  |TAMS 0x0000000082400000, 0x0000000082400000| Untracked 
|  17|0x0000000082500000, 0x0000000082600000, 0x0000000082600000|100%| O|  |TAMS 0x0000000082500000, 0x0000000082500000| Untracked 
|  18|0x0000000082600000, 0x0000000082700000, 0x0000000082700000|100%| O|  |TAMS 0x0000000082600000, 0x0000000082600000| Untracked 
|  19|0x0000000082700000, 0x00000000827b3a00, 0x0000000082800000| 70%| O|  |TAMS 0x0000000082700000, 0x0000000082700000| Untracked 
|  20|0x0000000082800000, 0x0000000082800000, 0x0000000082900000|  0%| F|  |TAMS 0x0000000082800000, 0x0000000082800000| Untracked 
|  21|0x0000000082900000, 0x0000000082900000, 0x0000000082a00000|  0%| F|  |TAMS 0x0000000082900000, 0x0000000082900000| Untracked 
|  22|0x0000000082a00000, 0x0000000082af3d20, 0x0000000082b00000| 95%| S|CS|TAMS 0x0000000082a00000, 0x0000000082a00000| Complete 
|  23|0x0000000082b00000, 0x0000000082c00000, 0x0000000082c00000|100%| S|CS|TAMS 0x0000000082b00000, 0x0000000082b00000| Complete 
|  24|0x0000000082c00000, 0x0000000082c00000, 0x0000000082d00000|  0%| F|  |TAMS 0x0000000082c00000, 0x0000000082c00000| Untracked 
|  25|0x0000000082d00000, 0x0000000082d00000, 0x0000000082e00000|  0%| F|  |TAMS 0x0000000082d00000, 0x0000000082d00000| Untracked 
|  26|0x0000000082e00000, 0x0000000082e00000, 0x0000000082f00000|  0%| F|  |TAMS 0x0000000082e00000, 0x0000000082e00000| Untracked 
|  27|0x0000000082f00000, 0x0000000082f00000, 0x0000000083000000|  0%| F|  |TAMS 0x0000000082f00000, 0x0000000082f00000| Untracked 
|  28|0x0000000083000000, 0x0000000083000000, 0x0000000083100000|  0%| F|  |TAMS 0x0000000083000000, 0x0000000083000000| Untracked 
|  29|0x0000000083100000, 0x0000000083100000, 0x0000000083200000|  0%| F|  |TAMS 0x0000000083100000, 0x0000000083100000| Untracked 
|  30|0x0000000083200000, 0x0000000083200000, 0x0000000083300000|  0%| F|  |TAMS 0x0000000083200000, 0x0000000083200000| Untracked 
|  31|0x0000000083300000, 0x0000000083300000, 0x0000000083400000|  0%| F|  |TAMS 0x0000000083300000, 0x0000000083300000| Untracked 
|  32|0x0000000083400000, 0x0000000083400000, 0x0000000083500000|  0%| F|  |TAMS 0x0000000083400000, 0x0000000083400000| Untracked 
|  33|0x0000000083500000, 0x0000000083500000, 0x0000000083600000|  0%| F|  |TAMS 0x0000000083500000, 0x0000000083500000| Untracked 
|  34|0x0000000083600000, 0x0000000083600000, 0x0000000083700000|  0%| F|  |TAMS 0x0000000083600000, 0x0000000083600000| Untracked 
|  35|0x0000000083700000, 0x0000000083700000, 0x0000000083800000|  0%| F|  |TAMS 0x0000000083700000, 0x0000000083700000| Untracked 
|  36|0x0000000083800000, 0x0000000083800000, 0x0000000083900000|  0%| F|  |TAMS 0x0000000083800000, 0x0000000083800000| Untracked 
|  37|0x0000000083900000, 0x0000000083900000, 0x0000000083a00000|  0%| F|  |TAMS 0x0000000083900000, 0x0000000083900000| Untracked 
|  38|0x0000000083a00000, 0x0000000083a00000, 0x0000000083b00000|  0%| F|  |TAMS 0x0000000083a00000, 0x0000000083a00000| Untracked 
|  39|0x0000000083b00000, 0x0000000083b00000, 0x0000000083c00000|  0%| F|  |TAMS 0x0000000083b00000, 0x0000000083b00000| Untracked 
|  40|0x0000000083c00000, 0x0000000083c00000, 0x0000000083d00000|  0%| F|  |TAMS 0x0000000083c00000, 0x0000000083c00000| Untracked 
|  41|0x0000000083d00000, 0x0000000083d00000, 0x0000000083e00000|  0%| F|  |TAMS 0x0000000083d00000, 0x0000000083d00000| Untracked 
|  42|0x0000000083e00000, 0x0000000083e00000, 0x0000000083f00000|  0%| F|  |TAMS 0x0000000083e00000, 0x0000000083e00000| Untracked 
|  43|0x0000000083f00000, 0x0000000083f00000, 0x0000000084000000|  0%| F|  |TAMS 0x0000000083f00000, 0x0000000083f00000| Untracked 
|  44|0x0000000084000000, 0x0000000084000000, 0x0000000084100000|  0%| F|  |TAMS 0x0000000084000000, 0x0000000084000000| Untracked 
|  45|0x0000000084100000, 0x0000000084100000, 0x0000000084200000|  0%| F|  |TAMS 0x0000000084100000, 0x0000000084100000| Untracked 
|  46|0x0000000084200000, 0x0000000084200000, 0x0000000084300000|  0%| F|  |TAMS 0x0000000084200000, 0x0000000084200000| Untracked 
|  80|0x0000000086400000, 0x0000000086400000, 0x0000000086500000|  0%| F|  |TAMS 0x0000000086400000, 0x0000000086400000| Untracked 
|  81|0x0000000086500000, 0x00000000865916e0, 0x0000000086600000| 56%| E|  |TAMS 0x0000000086500000, 0x0000000086500000| Complete 
|  82|0x0000000086600000, 0x0000000086700000, 0x0000000086700000|100%| E|CS|TAMS 0x0000000086600000, 0x0000000086600000| Complete 
|  83|0x0000000086700000, 0x0000000086800000, 0x0000000086800000|100%| E|CS|TAMS 0x0000000086700000, 0x0000000086700000| Complete 
|  84|0x0000000086800000, 0x0000000086900000, 0x0000000086900000|100%| E|CS|TAMS 0x0000000086800000, 0x0000000086800000| Complete 
|  85|0x0000000086900000, 0x0000000086a00000, 0x0000000086a00000|100%| E|CS|TAMS 0x0000000086900000, 0x0000000086900000| Complete 
| 127|0x0000000089300000, 0x0000000089400000, 0x0000000089400000|100%| E|CS|TAMS 0x0000000089300000, 0x0000000089300000| Complete 

Card table byte_map: [0x0000023fe8f60000,0x0000023fe9360000] _byte_map_base: 0x0000023fe8b56000

Marking Bits (Prev, Next): (CMBitMap*) 0x0000023fd2351060, (CMBitMap*) 0x0000023fd23510a0
 Prev Bits: [0x0000023fe9760000, 0x0000023feb710000)
 Next Bits: [0x0000023feb710000, 0x0000023fed6c0000)

Polling page: 0x0000023fd01b0000

Metaspace:

Usage:
  Non-class:     24.09 MB used.
      Class:      3.50 MB used.
       Both:     27.59 MB used.

Virtual space:
  Non-class space:       32.00 MB reserved,      24.25 MB ( 76%) committed,  4 nodes.
      Class space:        1.00 GB reserved,       3.62 MB ( <1%) committed,  1 nodes.
             Both:        1.03 GB reserved,      27.88 MB (  3%) committed. 

Chunk freelists:
   Non-Class:  3.38 MB
       Class:  207.00 KB
        Both:  3.58 MB

MaxMetaspaceSize: unlimited
CompressedClassSpaceSize: 1.00 GB
Initial GC threshold: 21.00 MB
Current GC threshold: 45.44 MB
CDS: on
MetaspaceReclaimPolicy: balanced
 - commit_granule_bytes: 65536.
 - commit_granule_words: 8192.
 - virtual_space_node_default_size: 1048576.
 - enlarge_chunks_in_place: 1.
 - new_chunks_are_fully_committed: 0.
 - uncommit_free_chunks: 1.
 - use_allocation_guard: 0.
 - handle_deallocations: 1.


Internal statistics:

num_allocs_failed_limit: 6.
num_arena_births: 372.
num_arena_deaths: 0.
num_vsnodes_births: 5.
num_vsnodes_deaths: 0.
num_space_committed: 446.
num_space_uncommitted: 0.
num_chunks_returned_to_freelist: 6.
num_chunks_taken_from_freelist: 1172.
num_chunk_merges: 6.
num_chunk_splits: 783.
num_chunks_enlarged: 573.
num_purges: 0.
num_inconsistent_stats: 0.

CodeHeap 'non-profiled nmethods': size=120000Kb used=1327Kb max_used=1327Kb free=118672Kb
 bounds [0x0000023fe1630000, 0x0000023fe18a0000, 0x0000023fe8b60000]
CodeHeap 'profiled nmethods': size=120000Kb used=5709Kb max_used=5709Kb free=114290Kb
 bounds [0x0000023fda100000, 0x0000023fda6a0000, 0x0000023fe1630000]
CodeHeap 'non-nmethods': size=5760Kb used=1304Kb max_used=1331Kb free=4455Kb
 bounds [0x0000023fd9b60000, 0x0000023fd9dd0000, 0x0000023fda100000]
 total_blobs=3455 nmethods=2827 adapters=540
 compilation: enabled
              stopped_count=0, restarted_count=0
 full_count=0

Compilation events (20 events):
Event: 17.708 Thread 0x0000023fefb94670 2822       3       io.netty.buffer.AbstractByteBuf::ensureAccessible (23 bytes)
Event: 17.708 Thread 0x0000023fefb94670 nmethod 2822 0x0000023fda690710 code [0x0000023fda6908c0, 0x0000023fda690bb8]
Event: 17.708 Thread 0x0000023fefb94670 2823       3       io.netty.buffer.AbstractReferenceCountedByteBuf::isAccessible (8 bytes)
Event: 17.708 Thread 0x0000023fefb94670 nmethod 2823 0x0000023fda690d10 code [0x0000023fda690ec0, 0x0000023fda691008]
Event: 17.708 Thread 0x0000023fefb94670 2824       3       io.netty.util.internal.ReferenceCountUpdater::isLiveNonVolatile (70 bytes)
Event: 17.710 Thread 0x0000023fefb94670 nmethod 2824 0x0000023fda691090 code [0x0000023fda691260, 0x0000023fda6916d8]
Event: 17.710 Thread 0x0000023fefb94670 2826       3       com.google.common.collect.ImmutableEntry::<init> (15 bytes)
Event: 17.710 Thread 0x0000023fefb94670 nmethod 2826 0x0000023fda691890 code [0x0000023fda691a40, 0x0000023fda691cb8]
Event: 17.710 Thread 0x0000023fefb94670 2827       3       java.util.Arrays::binarySearch0 (72 bytes)
Event: 17.710 Thread 0x0000023fefb94670 nmethod 2827 0x0000023fda691d90 code [0x0000023fda691f40, 0x0000023fda6921d8]
Event: 17.711 Thread 0x0000023fefb94670 2825       1       java.util.concurrent.atomic.AtomicReference::get (5 bytes)
Event: 17.711 Thread 0x0000023fefb94670 nmethod 2825 0x0000023fe177b990 code [0x0000023fe177bb20, 0x0000023fe177bbf8]
Event: 17.718 Thread 0x0000023fefb94670 2828       3       java.util.regex.Pattern$LastNode::match (45 bytes)
Event: 17.719 Thread 0x0000023fefb90c60 2829       4       java.util.regex.Pattern$BmpCharProperty::match (55 bytes)
Event: 17.719 Thread 0x0000023fefb94670 nmethod 2828 0x0000023fda692310 code [0x0000023fda6924c0, 0x0000023fda6926d8]
Event: 17.719 Thread 0x0000023fefb94670 2831       3       java.lang.AbstractStringBuilder::append (67 bytes)
Event: 17.719 Thread 0x0000023fefb94670 nmethod 2831 0x0000023fda692810 code [0x0000023fda692a20, 0x0000023fda692f48]
Event: 17.719 Thread 0x0000023fefb94670 2832       3       java.lang.AbstractStringBuilder::getBytes (44 bytes)
Event: 17.720 Thread 0x0000023fefb94670 nmethod 2832 0x0000023fda693110 code [0x0000023fda6932c0, 0x0000023fda693558]
Event: 17.720 Thread 0x0000023fefb94670 2835       3       java.util.regex.Matcher::appendExpandedReplacement (510 bytes)

GC Heap History (10 events):
Event: 1.146 GC heap before
{Heap before GC invocations=0 (full 0):
 garbage-first heap   total 131072K, used 12288K [0x0000000081400000, 0x0000000100000000)
  region size 1024K, 13 young (13312K), 0 survivors (0K)
 Metaspace       used 1776K, committed 1984K, reserved 1056768K
  class space    used 162K, committed 256K, reserved 1048576K
}
Event: 1.157 GC heap after
{Heap after GC invocations=1 (full 0):
 garbage-first heap   total 131072K, used 7168K [0x0000000081400000, 0x0000000100000000)
  region size 1024K, 2 young (2048K), 2 survivors (2048K)
 Metaspace       used 1776K, committed 1984K, reserved 1056768K
  class space    used 162K, committed 256K, reserved 1048576K
}
Event: 1.750 GC heap before
{Heap before GC invocations=1 (full 0):
 garbage-first heap   total 131072K, used 16384K [0x0000000081400000, 0x0000000100000000)
  region size 1024K, 11 young (11264K), 2 survivors (2048K)
 Metaspace       used 6108K, committed 6336K, reserved 1056768K
  class space    used 677K, committed 768K, reserved 1048576K
}
Event: 1.754 GC heap after
{Heap after GC invocations=2 (full 0):
 garbage-first heap   total 131072K, used 8271K [0x0000000081400000, 0x0000000100000000)
  region size 1024K, 2 young (2048K), 2 survivors (2048K)
 Metaspace       used 6108K, committed 6336K, reserved 1056768K
  class space    used 677K, committed 768K, reserved 1048576K
}
Event: 2.745 GC heap before
{Heap before GC invocations=2 (full 0):
 garbage-first heap   total 131072K, used 30799K [0x0000000081400000, 0x0000000100000000)
  region size 1024K, 24 young (24576K), 2 survivors (2048K)
 Metaspace       used 11445K, committed 11712K, reserved 1064960K
  class space    used 1307K, committed 1472K, reserved 1048576K
}
Event: 2.753 GC heap after
{Heap after GC invocations=3 (full 0):
 garbage-first heap   total 131072K, used 12272K [0x0000000081400000, 0x0000000100000000)
  region size 1024K, 3 young (3072K), 3 survivors (3072K)
 Metaspace       used 11445K, committed 11712K, reserved 1064960K
  class space    used 1307K, committed 1472K, reserved 1048576K
}
Event: 4.038 GC heap before
{Heap before GC invocations=3 (full 0):
 garbage-first heap   total 131072K, used 51184K [0x0000000081400000, 0x0000000100000000)
  region size 1024K, 42 young (43008K), 3 survivors (3072K)
 Metaspace       used 21246K, committed 21504K, reserved 1073152K
  class space    used 2582K, committed 2688K, reserved 1048576K
}
Event: 4.048 GC heap after
{Heap after GC invocations=4 (full 0):
 garbage-first heap   total 131072K, used 15337K [0x0000000081400000, 0x0000000100000000)
  region size 1024K, 6 young (6144K), 6 survivors (6144K)
 Metaspace       used 21246K, committed 21504K, reserved 1073152K
  class space    used 2582K, committed 2688K, reserved 1048576K
}
Event: 6.129 GC heap before
{Heap before GC invocations=5 (full 0):
 garbage-first heap   total 55296K, used 44009K [0x0000000081400000, 0x0000000100000000)
  region size 1024K, 30 young (30720K), 6 survivors (6144K)
 Metaspace       used 27499K, committed 27840K, reserved 1081344K
  class space    used 3483K, committed 3648K, reserved 1048576K
}
Event: 6.145 GC heap after
{Heap after GC invocations=6 (full 0):
 garbage-first heap   total 55296K, used 22157K [0x0000000081400000, 0x0000000100000000)
  region size 1024K, 2 young (2048K), 2 survivors (2048K)
 Metaspace       used 27499K, committed 27840K, reserved 1081344K
  class space    used 3483K, committed 3648K, reserved 1048576K
}

Deoptimization events (20 events):
Event: 6.054 Thread 0x0000023fd22f84c0 Uncommon trap: trap_request=0xffffffde fr.pc=0x0000023fe16fbe5c relative=0x00000000000001bc
Event: 6.054 Thread 0x0000023fd22f84c0 Uncommon trap: reason=class_check action=maybe_recompile pc=0x0000023fe16fbe5c method=java.io.DataInputStream.readByte()B @ 4 c2
Event: 6.054 Thread 0x0000023fd22f84c0 DEOPT PACKING pc=0x0000023fe16fbe5c sp=0x000000bbfe6fbd70
Event: 6.054 Thread 0x0000023fd22f84c0 DEOPT UNPACKING pc=0x0000023fd9bb23a3 sp=0x000000bbfe6fbd38 mode 2
Event: 6.069 Thread 0x0000023fd22f84c0 Uncommon trap: trap_request=0xffffff45 fr.pc=0x0000023fe16ff50c relative=0x000000000000008c
Event: 6.069 Thread 0x0000023fd22f84c0 Uncommon trap: reason=unstable_if action=reinterpret pc=0x0000023fe16ff50c method=java.lang.Math.floorMod(JJ)J @ 10 c2
Event: 6.069 Thread 0x0000023fd22f84c0 DEOPT PACKING pc=0x0000023fe16ff50c sp=0x000000bbfe6fc670
Event: 6.069 Thread 0x0000023fd22f84c0 DEOPT UNPACKING pc=0x0000023fd9bb23a3 sp=0x000000bbfe6fc600 mode 2
Event: 6.070 Thread 0x0000023fd22f84c0 Uncommon trap: trap_request=0xffffff45 fr.pc=0x0000023fe17450f4 relative=0x00000000000013d4
Event: 6.070 Thread 0x0000023fd22f84c0 Uncommon trap: reason=unstable_if action=reinterpret pc=0x0000023fe17450f4 method=java.util.concurrent.ConcurrentHashMap.putVal(Ljava/lang/Object;Ljava/lang/Object;Z)Ljava/lang/Object; @ 256 c2
Event: 6.070 Thread 0x0000023fd22f84c0 DEOPT PACKING pc=0x0000023fe17450f4 sp=0x000000bbfe6fc9c0
Event: 6.070 Thread 0x0000023fd22f84c0 DEOPT UNPACKING pc=0x0000023fd9bb23a3 sp=0x000000bbfe6fc928 mode 2
Event: 6.274 Thread 0x0000023ff33863c0 Uncommon trap: trap_request=0xffffff45 fr.pc=0x0000023fe16fa9d0 relative=0x00000000000001d0
Event: 6.274 Thread 0x0000023ff33863c0 Uncommon trap: reason=unstable_if action=reinterpret pc=0x0000023fe16fa9d0 method=java.io.ByteArrayInputStream.read()I @ 8 c2
Event: 6.274 Thread 0x0000023ff33863c0 DEOPT PACKING pc=0x0000023fe16fa9d0 sp=0x000000bb80afee20
Event: 6.274 Thread 0x0000023ff33863c0 DEOPT UNPACKING pc=0x0000023fd9bb23a3 sp=0x000000bb80afedd8 mode 2
Event: 17.717 Thread 0x0000023fd22f84c0 Uncommon trap: trap_request=0xffffff45 fr.pc=0x0000023fe1724b58 relative=0x0000000000000ad8
Event: 17.717 Thread 0x0000023fd22f84c0 Uncommon trap: reason=unstable_if action=reinterpret pc=0x0000023fe1724b58 method=java.util.jar.JarFile.getVersionedEntry(Ljava/lang/String;Ljava/util/jar/JarEntry;)Ljava/util/jar/JarEntry; @ 26 c2
Event: 17.717 Thread 0x0000023fd22f84c0 DEOPT PACKING pc=0x0000023fe1724b58 sp=0x000000bbfe6fd170
Event: 17.717 Thread 0x0000023fd22f84c0 DEOPT UNPACKING pc=0x0000023fd9bb23a3 sp=0x000000bbfe6fd0d0 mode 2

Classes unloaded (0 events):
No events

Classes redefined (0 events):
No events

Internal exceptions (20 events):
Event: 4.207 Thread 0x0000023ff13379d0 Exception <a 'java/lang/NoSuchMethodError'{0x0000000083e15530}: 'java.lang.Object java.lang.invoke.DirectMethodHandle$Holder.newInvokeSpecial(java.lang.Object, long)'> (0x0000000083e15530) 
thrown [s\open\src\hotspot\share\interpreter\linkResolver.cpp, line 759]
Event: 4.209 Thread 0x0000023ff13379d0 Exception <a 'java/lang/NoSuchMethodError'{0x0000000083e1c090}: 'java.lang.Object java.lang.invoke.DirectMethodHandle$Holder.invokeStatic(java.lang.Object, java.lang.Object, long, java.lang.Object)'> (0x0000000083e1c090) 
thrown [s\open\src\hotspot\share\interpreter\linkResolver.cpp, line 759]
Event: 4.210 Thread 0x0000023ff13379d0 Exception <a 'java/lang/NoSuchMethodError'{0x0000000083e1f880}: 'java.lang.Object java.lang.invoke.DirectMethodHandle$Holder.invokeStaticInit(java.lang.Object, java.lang.Object, long, java.lang.Object)'> (0x0000000083e1f880) 
thrown [s\open\src\hotspot\share\interpreter\linkResolver.cpp, line 759]
Event: 4.211 Thread 0x0000023ff13379d0 Exception <a 'java/lang/NoSuchMethodError'{0x0000000083e25908}: 'java.lang.Object java.lang.invoke.DirectMethodHandle$Holder.newInvokeSpecial(java.lang.Object, java.lang.Object, long)'> (0x0000000083e25908) 
thrown [s\open\src\hotspot\share\interpreter\linkResolver.cpp, line 759]
Event: 4.219 Thread 0x0000023ff174f4c0 Exception <a 'java/net/ConnectException'{0x0000000083ee2940}: Connection refused: no further information> (0x0000000083ee2940) 
thrown [s\open\src\hotspot\share\prims\jni.cpp, line 535]
Event: 4.219 Thread 0x0000023ff174f4c0 Exception <a 'java/net/SocketException'{0x0000000083ee2c78}: Socket is not connected: shutdown> (0x0000000083ee2c78) 
thrown [s\open\src\hotspot\share\prims\jni.cpp, line 535]
Event: 4.244 Thread 0x0000023ff174f4c0 Exception <a 'java/net/ConnectException'{0x0000000083ee3ce0}: Connection refused: no further information> (0x0000000083ee3ce0) 
thrown [s\open\src\hotspot\share\prims\jni.cpp, line 535]
Event: 4.244 Thread 0x0000023ff174f4c0 Exception <a 'java/net/SocketException'{0x0000000083ee4018}: Socket is not connected: shutdown> (0x0000000083ee4018) 
thrown [s\open\src\hotspot\share\prims\jni.cpp, line 535]
Event: 4.279 Thread 0x0000023ff174f4c0 Exception <a 'java/net/ConnectException'{0x0000000083ee4fb0}: Connection refused: no further information> (0x0000000083ee4fb0) 
thrown [s\open\src\hotspot\share\prims\jni.cpp, line 535]
Event: 4.279 Thread 0x0000023ff174f4c0 Exception <a 'java/net/SocketException'{0x0000000083ee52e8}: Socket is not connected: shutdown> (0x0000000083ee52e8) 
thrown [s\open\src\hotspot\share\prims\jni.cpp, line 535]
Event: 4.347 Thread 0x0000023fd22f84c0 Exception <a 'java/lang/NoSuchMethodError'{0x0000000083d801d8}: 'double java.lang.invoke.DirectMethodHandle$Holder.invokeVirtual(java.lang.Object, java.lang.Object)'> (0x0000000083d801d8) 
thrown [s\open\src\hotspot\share\interpreter\linkResolver.cpp, line 759]
Event: 4.348 Thread 0x0000023fd22f84c0 Exception <a 'java/lang/NoSuchMethodError'{0x0000000083d86c28}: 'float java.lang.invoke.DirectMethodHandle$Holder.invokeVirtual(java.lang.Object, java.lang.Object)'> (0x0000000083d86c28) 
thrown [s\open\src\hotspot\share\interpreter\linkResolver.cpp, line 759]
Event: 4.349 Thread 0x0000023fd22f84c0 Exception <a 'java/lang/NoSuchMethodError'{0x0000000083d8feb0}: 'long java.lang.invoke.DirectMethodHandle$Holder.invokeVirtual(java.lang.Object, java.lang.Object)'> (0x0000000083d8feb0) 
thrown [s\open\src\hotspot\share\interpreter\linkResolver.cpp, line 759]
Event: 4.394 Thread 0x0000023fd22f84c0 Exception <a 'java/lang/NoSuchMethodError'{0x0000000083b06d48}: 'void java.lang.invoke.DirectMethodHandle$Holder.invokeSpecial(java.lang.Object, java.lang.Object, java.lang.Object, java.lang.Object, java.lang.Object)'> (0x0000000083b06d48) 
thrown [s\open\src\hotspot\share\interpreter\linkResolver.cpp, line 759]
Event: 4.395 Thread 0x0000023fd22f84c0 Exception <a 'java/lang/NoSuchMethodError'{0x0000000083b0de90}: 'void java.lang.invoke.DirectMethodHandle$Holder.invokeStatic(java.lang.Object, java.lang.Object, int)'> (0x0000000083b0de90) 
thrown [s\open\src\hotspot\share\interpreter\linkResolver.cpp, line 759]
Event: 4.466 Thread 0x0000023fd22f84c0 Exception <a 'java/lang/NoSuchMethodError'{0x000000008393da20}: 'int java.lang.invoke.DirectMethodHandle$Holder.invokeSpecialIFC(java.lang.Object, java.lang.Object, java.lang.Object)'> (0x000000008393da20) 
thrown [s\open\src\hotspot\share\interpreter\linkResolver.cpp, line 759]
Event: 4.582 Thread 0x0000023fd22f84c0 Exception <a 'java/lang/NoSuchMethodError'{0x00000000836e2570}: 'void java.lang.invoke.DirectMethodHandle$Holder.invokeSpecial(java.lang.Object, java.lang.Object, java.lang.Object, java.lang.Object, java.lang.Object, java.lang.Object)'> (0x00000000836e2570) 
thrown [s\open\src\hotspot\share\interpreter\linkResolver.cpp, line 759]
Event: 6.037 Thread 0x0000023fd22f84c0 Exception <a 'java/lang/NoSuchMethodError'{0x0000000082d1cff8}: 'java.lang.Object java.lang.invoke.DirectMethodHandle$Holder.invokeSpecialIFC(java.lang.Object, java.lang.Object, java.lang.Object)'> (0x0000000082d1cff8) 
thrown [s\open\src\hotspot\share\interpreter\linkResolver.cpp, line 759]
Event: 6.072 Thread 0x0000023fd22f84c0 Exception <a 'java/lang/NoSuchMethodError'{0x0000000082dbcbe0}: 'java.lang.Object java.lang.invoke.DirectMethodHandle$Holder.invokeStatic(java.lang.Object, int, java.lang.Object)'> (0x0000000082dbcbe0) 
thrown [s\open\src\hotspot\share\interpreter\linkResolver.cpp, line 759]
Event: 6.077 Thread 0x0000023fd22f84c0 Exception <a 'java/lang/ClassNotFoundException'{0x0000000082dcdc20}: sun/util/logging/resources/spi/loggingProvider> (0x0000000082dcdc20) 
thrown [s\open\src\hotspot\share\classfile\systemDictionary.cpp, line 256]

VM Operations (20 events):
Event: 4.066 Executing VM operation: G1Concurrent
Event: 4.071 Executing VM operation: G1Concurrent done
Event: 4.326 Executing VM operation: HandshakeAllThreads
Event: 4.326 Executing VM operation: HandshakeAllThreads done
Event: 4.327 Executing VM operation: HandshakeAllThreads
Event: 4.327 Executing VM operation: HandshakeAllThreads done
Event: 4.328 Executing VM operation: HandshakeAllThreads
Event: 4.328 Executing VM operation: HandshakeAllThreads done
Event: 5.342 Executing VM operation: Cleanup
Event: 5.342 Executing VM operation: Cleanup done
Event: 6.129 Executing VM operation: G1CollectForAllocation
Event: 6.145 Executing VM operation: G1CollectForAllocation done
Event: 6.167 Executing VM operation: G1Concurrent
Event: 6.169 Executing VM operation: G1Concurrent done
Event: 6.183 Executing VM operation: G1Concurrent
Event: 6.184 Executing VM operation: G1Concurrent done
Event: 7.193 Executing VM operation: Cleanup
Event: 7.193 Executing VM operation: Cleanup done
Event: 9.208 Executing VM operation: Cleanup
Event: 9.208 Executing VM operation: Cleanup done

Events (20 events):
Event: 6.190 loading class java/util/concurrent/CompletableFuture$UniExceptionally done
Event: 6.250 loading class java/util/Comparators$NaturalOrderComparator
Event: 6.250 loading class java/util/Comparators$NaturalOrderComparator done
Event: 6.251 loading class java/util/stream/ReferencePipeline$4
Event: 6.251 loading class java/util/stream/ReferencePipeline$4 done
Event: 6.251 loading class java/util/function/IntBinaryOperator
Event: 6.251 loading class java/util/function/IntBinaryOperator done
Event: 6.252 loading class java/util/stream/ReduceOps$6
Event: 6.252 loading class java/util/stream/ReduceOps$6 done
Event: 6.252 loading class java/util/stream/ReduceOps$5ReducingSink
Event: 6.252 loading class java/util/stream/ReduceOps$5ReducingSink done
Event: 6.252 loading class java/util/stream/ReferencePipeline$4$1
Event: 6.252 loading class java/util/stream/ReferencePipeline$4$1 done
Event: 6.252 loading class java/util/stream/SortedOps$SizedRefSortingSink
Event: 6.252 loading class java/util/stream/SortedOps$AbstractRefSortingSink
Event: 6.252 loading class java/util/stream/SortedOps$AbstractRefSortingSink done
Event: 6.252 loading class java/util/stream/SortedOps$SizedRefSortingSink done
Event: 9.332 Thread 0x0000023ff174eff0 Thread exited: 0x0000023ff174eff0
Event: 17.685 loading class jdk/internal/reflect/UnsafeLongFieldAccessorImpl
Event: 17.685 loading class jdk/internal/reflect/UnsafeLongFieldAccessorImpl done


Dynamic libraries:
0x00007ff7edf20000 - 0x00007ff7edf30000 	C:\Program Files\Java\jdk-17.0.4.1\bin\javaw.exe
0x00007ffcd4c90000 - 0x00007ffcd4e88000 	C:\Windows\SYSTEM32\ntdll.dll
0x00007ffcd2cf0000 - 0x00007ffcd2dad000 	C:\Windows\System32\KERNEL32.DLL
0x00007ffcd28f0000 - 0x00007ffcd2bbe000 	C:\Windows\System32\KERNELBASE.dll
0x00007ffcd24b0000 - 0x00007ffcd25b0000 	C:\Windows\System32\ucrtbase.dll
0x00007ffcc4140000 - 0x00007ffcc4158000 	C:\Program Files\Java\jdk-17.0.4.1\bin\jli.dll
0x00007ffcd4530000 - 0x00007ffcd45de000 	C:\Windows\System32\ADVAPI32.dll
0x00007ffcc2f40000 - 0x00007ffcc2f5a000 	C:\Program Files\Java\jdk-17.0.4.1\bin\VCRUNTIME140.dll
0x00007ffcd4750000 - 0x00007ffcd47ee000 	C:\Windows\System32\msvcrt.dll
0x00007ffcd3c90000 - 0x00007ffcd3d2c000 	C:\Windows\System32\sechost.dll
0x00007ffcd2db0000 - 0x00007ffcd2ed5000 	C:\Windows\System32\RPCRT4.dll
0x00007ffcd3dc0000 - 0x00007ffcd3f60000 	C:\Windows\System32\USER32.dll
0x00007ffcd2650000 - 0x00007ffcd2672000 	C:\Windows\System32\win32u.dll
0x00007ffcd3f60000 - 0x00007ffcd3f8a000 	C:\Windows\System32\GDI32.dll
0x00007ffcd2680000 - 0x00007ffcd278b000 	C:\Windows\System32\gdi32full.dll
0x00007ffcd25b0000 - 0x00007ffcd264d000 	C:\Windows\System32\msvcp_win.dll
0x00007ffcc5a80000 - 0x00007ffcc5d1a000 	C:\Windows\WinSxS\amd64_microsoft.windows.common-controls_6595b64144ccf1df_6.0.19041.1110_none_60b5254171f9507e\COMCTL32.dll
0x00007ffcc6e30000 - 0x00007ffcc6e3a000 	C:\Windows\SYSTEM32\VERSION.dll
0x00007ffcd4b50000 - 0x00007ffcd4b80000 	C:\Windows\System32\IMM32.DLL
0x00007ffccdf40000 - 0x00007ffccdf4c000 	C:\Program Files\Java\jdk-17.0.4.1\bin\vcruntime140_1.dll
0x00007ffc9c970000 - 0x00007ffc9c9fd000 	C:\Program Files\Java\jdk-17.0.4.1\bin\msvcp140.dll
0x00007ffc90100000 - 0x00007ffc90cc2000 	C:\Program Files\Java\jdk-17.0.4.1\bin\server\jvm.dll
0x00007ffcd4300000 - 0x00007ffcd4308000 	C:\Windows\System32\PSAPI.DLL
0x00007ffcc4080000 - 0x00007ffcc40a7000 	C:\Windows\SYSTEM32\WINMM.dll
0x00007ffcba280000 - 0x00007ffcba289000 	C:\Windows\SYSTEM32\WSOCK32.dll
0x00007ffcd4310000 - 0x00007ffcd437b000 	C:\Windows\System32\ws2_32.DLL
0x00007ffcd02a0000 - 0x00007ffcd02b2000 	C:\Windows\SYSTEM32\kernel.appcore.dll
0x00007ffcb8960000 - 0x00007ffcb896a000 	C:\Program Files\Java\jdk-17.0.4.1\bin\jimage.dll
0x00007ffcbe6f0000 - 0x00007ffcbe8d4000 	C:\Windows\SYSTEM32\DBGHELP.DLL
0x00007ffcbe6c0000 - 0x00007ffcbe6ec000 	C:\Windows\SYSTEM32\dbgcore.DLL
0x00007ffcd23b0000 - 0x00007ffcd2432000 	C:\Windows\System32\bcryptPrimitives.dll
0x00007ffc91360000 - 0x00007ffc91385000 	C:\Program Files\Java\jdk-17.0.4.1\bin\java.dll
0x00007ffc91280000 - 0x00007ffc91356000 	C:\Program Files\Java\jdk-17.0.4.1\bin\jsvml.dll
0x00007ffcd2f90000 - 0x00007ffcd36d3000 	C:\Windows\System32\SHELL32.dll
0x00007ffcd04a0000 - 0x00007ffcd0c35000 	C:\Windows\SYSTEM32\windows.storage.dll
0x00007ffcd47f0000 - 0x00007ffcd4b44000 	C:\Windows\System32\combase.dll
0x00007ffcd1d40000 - 0x00007ffcd1d70000 	C:\Windows\SYSTEM32\Wldp.dll
0x00007ffcd2ee0000 - 0x00007ffcd2f8d000 	C:\Windows\System32\SHCORE.dll
0x00007ffcd46f0000 - 0x00007ffcd4745000 	C:\Windows\System32\shlwapi.dll
0x00007ffcd22f0000 - 0x00007ffcd230f000 	C:\Windows\SYSTEM32\profapi.dll
0x00007ffc91260000 - 0x00007ffc91279000 	C:\Program Files\Java\jdk-17.0.4.1\bin\net.dll
0x00007ffcc8830000 - 0x00007ffcc893a000 	C:\Windows\SYSTEM32\WINHTTP.dll
0x00007ffcd1aa0000 - 0x00007ffcd1b0a000 	C:\Windows\system32\mswsock.dll
0x00007ffc91240000 - 0x00007ffc91256000 	C:\Program Files\Java\jdk-17.0.4.1\bin\nio.dll
0x00007ffc91220000 - 0x00007ffc91238000 	C:\Program Files\Java\jdk-17.0.4.1\bin\zip.dll
0x00007ffcb6820000 - 0x00007ffcb6830000 	C:\Program Files\Java\jdk-17.0.4.1\bin\verify.dll
0x00007ffcd17d0000 - 0x00007ffcd189a000 	C:\Windows\SYSTEM32\DNSAPI.dll
0x00007ffcd1790000 - 0x00007ffcd17cb000 	C:\Windows\SYSTEM32\IPHLPAPI.DLL
0x00007ffcd3d30000 - 0x00007ffcd3d38000 	C:\Windows\System32\NSI.dll
0x00007ffcc52f0000 - 0x00007ffcc52fa000 	C:\Windows\System32\rasadhlp.dll
0x00007ffcc5e00000 - 0x00007ffcc5e80000 	C:\Windows\System32\fwpuclnt.dll
0x00007ffcd2cc0000 - 0x00007ffcd2ce7000 	C:\Windows\System32\bcrypt.dll
0x00007ffcd1c90000 - 0x00007ffcd1ca8000 	C:\Windows\SYSTEM32\CRYPTSP.dll
0x00007ffcd1420000 - 0x00007ffcd1454000 	C:\Windows\system32\rsaenh.dll
0x00007ffcd22b0000 - 0x00007ffcd22de000 	C:\Windows\SYSTEM32\USERENV.dll
0x00007ffcd1cb0000 - 0x00007ffcd1cbc000 	C:\Windows\SYSTEM32\CRYPTBASE.dll
0x00007ffcca260000 - 0x00007ffcca277000 	C:\Windows\SYSTEM32\dhcpcsvc6.DLL
0x00007ffccb310000 - 0x00007ffccb32d000 	C:\Windows\SYSTEM32\dhcpcsvc.DLL
0x00007ffccdf60000 - 0x00007ffccdf69000 	C:\Program Files\Java\jdk-17.0.4.1\bin\management.dll
0x00007ffccd1c0000 - 0x00007ffccd1cb000 	C:\Program Files\Java\jdk-17.0.4.1\bin\management_ext.dll
0x00007ffcbf350000 - 0x00007ffcbf367000 	C:\Windows\system32\napinsp.dll
0x00007ffcc5430000 - 0x00007ffcc544b000 	C:\Windows\system32\pnrpnsp.dll
0x00007ffccbf60000 - 0x00007ffccbf75000 	C:\Windows\system32\wshbth.dll
0x00007ffccde20000 - 0x00007ffccde3d000 	C:\Windows\system32\NLAapi.dll
0x00007ffcbf330000 - 0x00007ffcbf342000 	C:\Windows\System32\winrnr.dll
0x00007ffcb2190000 - 0x00007ffcb219e000 	C:\Program Files\Java\jdk-17.0.4.1\bin\sunmscapi.dll
0x00007ffcd2790000 - 0x00007ffcd28e6000 	C:\Windows\System32\CRYPT32.dll
0x00007ffcd1db0000 - 0x00007ffcd1dd7000 	C:\Windows\SYSTEM32\ncrypt.dll
0x00007ffcd1d70000 - 0x00007ffcd1dab000 	C:\Windows\SYSTEM32\NTASN1.dll
0x00007ffccfb70000 - 0x00007ffccfb77000 	C:\Windows\system32\wshunix.dll

dbghelp: loaded successfully - version: 4.0.5 - missing functions: none
symbol engine: initialized successfully - sym options: 0x614 - pdb path: .;C:\Program Files\Java\jdk-17.0.4.1\bin;C:\Windows\SYSTEM32;C:\Windows\WinSxS\amd64_microsoft.windows.common-controls_6595b64144ccf1df_6.0.19041.1110_none_60b5254171f9507e;C:\Program Files\Java\jdk-17.0.4.1\bin\server

VM Arguments:
jvm_args: -ea -Dfile.encoding=UTF-8 -XX:+ShowCodeDetailsInExceptionMessages 
java_command: org.testng.remote.RemoteTestNG -serport 51406 -protocol json -d C:\Users\DIVYA\eclipse-workspace\success\test-output C:\Users\DIVYA\eclipse-workspace\success\testng2smoke.xml
java_class_path (initial): C:\Users\DIVYA\eclipse\java-2022-06\eclipse\configuration\org.eclipse.osgi\429\0\.cp\lib\testng-remote.jar;C:\Users\DIVYA\eclipse-workspace\success\target\test-classes;C:\Users\DIVYA\eclipse-workspace\success\target\classes;C:\Users\DIVYA\.m2\repository\org\seleniumhq\selenium\selenium-java\4.5.0\selenium-java-4.5.0.jar;C:\Users\DIVYA\.m2\repository\org\seleniumhq\selenium\selenium-api\4.5.0\selenium-api-4.5.0.jar;C:\Users\DIVYA\.m2\repository\org\seleniumhq\selenium\selenium-chrome-driver\4.5.0\selenium-chrome-driver-4.5.0.jar;C:\Users\DIVYA\.m2\repository\com\google\auto\service\auto-service-annotations\1.0.1\auto-service-annotations-1.0.1.jar;C:\Users\DIVYA\.m2\repository\com\google\auto\service\auto-service\1.0.1\auto-service-1.0.1.jar;C:\Users\DIVYA\.m2\repository\com\google\auto\auto-common\1.2\auto-common-1.2.jar;C:\Users\DIVYA\.m2\repository\com\google\guava\guava\31.1-jre\guava-31.1-jre.jar;C:\Users\DIVYA\.m2\repository\com\google\guava\failureaccess\1.0.1\failureaccess-1.0.1.jar;C:\Users\DIVYA\.m2\repository\com\google\guava\listenablefuture\9999.0-empty-to-avoid-conflict-with-guava\listenablefuture-9999.0-empty-to-avoid-conflict-with-guava.jar;C:\Users\DIVYA\.m2\repository\org\checkerframework\checker-qual\3.12.0\checker-qual-3.12.0.jar;C:\Users\DIVYA\.m2\repository\com\google\errorprone\error_prone_annotations\2.11.0\error_prone_annotations-2.11.0.jar;C:\Users\DIVYA\.m2\repository\com\google\j2objc\j2objc-annotations\1.3\j2objc-annotations-1.3.jar;C:\Users\DIVYA\.m2\repository\org\seleniumhq\selenium\selenium-chromium-driver\4.5.0\selenium-chromium-driver-4.5.0.jar;C:\Users\DIVYA\.m2\repository\org\seleniumhq\selenium\selenium-json\4.5.0\selenium-json-4.5.0.jar;C:\Users\DIVYA\.m2\repository\org\seleniumhq\selenium\selenium-devtools-v104\4.5.0\selenium-devtools-v104-4.5.0.jar;C:\Users\DIVYA\.m2\repository\org\seleniumhq\selenium\selenium-devtools-v105\4.5.0\selenium-devtools-v105-4.5.0.jar;C:\Users\DIVYA\.m2\repository\org\sel
Launcher Type: SUN_STANDARD

[Global flags]
     intx CICompilerCount                          = 3                                         {product} {ergonomic}
     uint ConcGCThreads                            = 1                                         {product} {ergonomic}
     uint G1ConcRefinementThreads                  = 4                                         {product} {ergonomic}
   size_t G1HeapRegionSize                         = 1048576                                   {product} {ergonomic}
    uintx GCDrainStackTargetSize                   = 64                                        {product} {ergonomic}
   size_t InitialHeapSize                          = 134217728                                 {product} {ergonomic}
   size_t MarkStackSize                            = 4194304                                   {product} {ergonomic}
   size_t MaxHeapSize                              = 2126512128                                {product} {ergonomic}
   size_t MaxNewSize                               = 1275068416                                {product} {ergonomic}
   size_t MinHeapDeltaBytes                        = 1048576                                   {product} {ergonomic}
   size_t MinHeapSize                              = 8388608                                   {product} {ergonomic}
    uintx NonNMethodCodeHeapSize                   = 5832780                                {pd product} {ergonomic}
    uintx NonProfiledCodeHeapSize                  = 122912730                              {pd product} {ergonomic}
    uintx ProfiledCodeHeapSize                     = 122912730                              {pd product} {ergonomic}
    uintx ReservedCodeCacheSize                    = 251658240                              {pd product} {ergonomic}
     bool SegmentedCodeCache                       = true                                      {product} {ergonomic}
     bool ShowCodeDetailsInExceptionMessages       = true                                   {manageable} {command line}
   size_t SoftMaxHeapSize                          = 2126512128                             {manageable} {ergonomic}
     bool UseCompressedClassPointers               = true                           {product lp64_product} {ergonomic}
     bool UseCompressedOops                        = true                           {product lp64_product} {ergonomic}
     bool UseG1GC                                  = true                                      {product} {ergonomic}
     bool UseLargePagesIndividualAllocation        = false                                  {pd product} {ergonomic}

Logging:
Log output configuration:
 #0: stdout all=warning uptime,level,tags
 #1: stderr all=off uptime,level,tags

Environment Variables:
JAVA_HOME=C:\Program Files\Java\jdk-17.0.4.1
PATH=C:/Program Files/Java/jdk-17.0.4.1/bin/server;C:/Program Files/Java/jdk-17.0.4.1/bin;C:\Program Files\Java\jdk-17.0.4.1\bin;C:\Users\DIVYA\maven\apache-maven-3.8.6\bin;C:\Program Files\Common Files\Oracle\Java\javapath;C:\Windows\system32;C:\Windows;C:\Windows\System32\Wbem;C:\Windows\System32\WindowsPowerShell\v1.0\;C:\Windows\System32\OpenSSH\;C:\Program Files\Git\cmd;C:\maven\apache-maven-3.8.6\bin;%M2_home%\bin;C:\maven\apache-maven-3.8.6;C:\Users\DIVYA\AppData\Local\Microsoft\WindowsApps;;C:\Users\DIVYA\AppData\Local\Programs\Microsoft VS Code\bin;C:\Users\DIVYA\Desktop;
USERNAME=DIVYA
OS=Windows_NT
PROCESSOR_IDENTIFIER=Intel64 Family 6 Model 69 Stepping 1, GenuineIntel



---------------  S Y S T E M  ---------------

OS:
 Windows 10 , 64 bit Build 19041 (10.0.19041.1889)
OS uptime: 16 days 9:42 hours

CPU: total 4 (initial active 4) (2 cores per cpu, 2 threads per core) family 6 model 69 stepping 1 microcode 0x25, cx8, cmov, fxsr, ht, mmx, sse, sse2, sse3, ssse3, sse4.1, sse4.2, popcnt, lzcnt, tsc, tscinvbit, avx, avx2, aes, erms, clmul, bmi1, bmi2, fma, vzeroupper, clflush

Memory: 4k page, system-wide physical 8108M (1133M free)
TotalPageFile size 10647M (AvailPageFile size 1M)
current process WorkingSet (physical memory assigned to process): 151M, peak: 154M
current process commit charge ("private bytes"): 188M, peak: 254M

vm_info: Java HotSpot(TM) 64-Bit Server VM (17.0.4.1+1-LTS-2) for windows-amd64 JRE (17.0.4.1+1-LTS-2), built on Aug 16 2022 18:32:06 by "mach5one" with MS VC++ 16.8 / 16.9 (VS2019)

END.
