#
# There is insufficient memory for the Java Runtime Environment to continue.
# Native memory allocation (malloc) failed to allocate 32744 bytes for ChunkPool::allocate
# Possible reasons:
#   The system is out of physical RAM or swap space
#   The process is running with CompressedOops enabled, and the Java Heap may be blocking the growth of the native heap
# Possible solutions:
#   Reduce memory load on the system
#   Increase physical memory or swap space
#   Check if swap backing store is full
#   Decrease Java heap size (-Xmx/-Xms)
#   Decrease number of Java threads
#   Decrease Java thread stack sizes (-Xss)
#   Set larger code cache with -XX:ReservedCodeCacheSize=
#   JVM is running with Unscaled Compressed Oops mode in which the Java heap is
#     placed in the first 4GB address space. The Java Heap base address is the
#     maximum limit for the native heap growth. Please use -XX:HeapBaseMinAddress
#     to set the Java Heap base and to place the Java Heap above 4GB virtual address.
# This output file may be truncated or incomplete.
#
#  Out of Memory Error (arena.cpp:78), pid=17708, tid=16152
#
# JRE version: Java(TM) SE Runtime Environment (17.0.4.1+1) (build 17.0.4.1+1-LTS-2)
# Java VM: Java HotSpot(TM) 64-Bit Server VM (17.0.4.1+1-LTS-2, mixed mode, sharing, tiered, compressed oops, compressed class ptrs, g1 gc, windows-amd64)
# No core dump will be written. Minidumps are not enabled by default on client versions of Windows
#

---------------  S U M M A R Y ------------

Command Line: -ea -Dfile.encoding=UTF-8 -XX:+ShowCodeDetailsInExceptionMessages org.testng.remote.RemoteTestNG -serport 52933 -protocol json -d C:\Users\DIVYA\eclipse-workspace\success\test-output C:\Users\DIVYA\eclipse-workspace\success\testng_crossBrowser.xml

Host: Intel(R) Core(TM) i5-4210U CPU @ 1.70GHz, 4 cores, 7G,  Windows 10 , 64 bit Build 19041 (10.0.19041.1889)
Time: Fri Oct 21 08:39:21 2022 Pacific Daylight Time elapsed time: 0.736997 seconds (0d 0h 0m 0s)

---------------  T H R E A D  ---------------

Current thread (0x000002dc63913970):  JavaThread "C2 CompilerThread1" daemon [_thread_in_native, id=16152, stack(0x000000e21ad00000,0x000000e21ae00000)]


Current CompileTask:
C2:    737  460       4       java.lang.StringLatin1::replace (198 bytes)

Stack: [0x000000e21ad00000,0x000000e21ae00000]
Native frames: (J=compiled Java code, j=interpreted, Vv=VM code, C=native code)
V  [jvm.dll+0x6723ba]
V  [jvm.dll+0x7d1e34]
V  [jvm.dll+0x7d35de]
V  [jvm.dll+0x7d3c43]
V  [jvm.dll+0x243065]
V  [jvm.dll+0xaa7c0]
V  [jvm.dll+0xaab0c]
V  [jvm.dll+0x55c413]
V  [jvm.dll+0x32a9a0]
V  [jvm.dll+0x329e1a]
V  [jvm.dll+0x2161a1]
V  [jvm.dll+0x2155c1]
V  [jvm.dll+0x1a1fcd]
V  [jvm.dll+0x224e08]
V  [jvm.dll+0x222f75]
V  [jvm.dll+0x787a0b]
V  [jvm.dll+0x781fca]
V  [jvm.dll+0x671245]
C  [ucrtbase.dll+0x21bb2]
C  [KERNEL32.DLL+0x17034]
C  [ntdll.dll+0x526a1]


---------------  P R O C E S S  ---------------

Threads class SMR info:
_java_thread_list=0x000002dc638f41d0, length=13, elements={
0x000002dc45117770, 0x000002dc6297d630, 0x000002dc6297e5e0, 0x000002dc6298f4f0,
0x000002dc62992ec0, 0x000002dc62993870, 0x000002dc62994220, 0x000002dc62995c40,
0x000002dc629ab930, 0x000002dc6299f7a0, 0x000002dc63629850, 0x000002dc63641910,
0x000002dc63913970
}

Java Threads: ( => current thread )
  0x000002dc45117770 JavaThread "main" [_thread_in_native, id=2432, stack(0x000000e219a00000,0x000000e219b00000)]
  0x000002dc6297d630 JavaThread "Reference Handler" daemon [_thread_blocked, id=18016, stack(0x000000e21a100000,0x000000e21a200000)]
  0x000002dc6297e5e0 JavaThread "Finalizer" daemon [_thread_blocked, id=8844, stack(0x000000e21a200000,0x000000e21a300000)]
  0x000002dc6298f4f0 JavaThread "Signal Dispatcher" daemon [_thread_blocked, id=12976, stack(0x000000e21a300000,0x000000e21a400000)]
  0x000002dc62992ec0 JavaThread "Attach Listener" daemon [_thread_blocked, id=11764, stack(0x000000e21a400000,0x000000e21a500000)]
  0x000002dc62993870 JavaThread "Service Thread" daemon [_thread_blocked, id=5824, stack(0x000000e21a500000,0x000000e21a600000)]
  0x000002dc62994220 JavaThread "Monitor Deflation Thread" daemon [_thread_blocked, id=1268, stack(0x000000e21a600000,0x000000e21a700000)]
  0x000002dc62995c40 JavaThread "C2 CompilerThread0" daemon [_thread_blocked, id=14628, stack(0x000000e21a700000,0x000000e21a800000)]
  0x000002dc629ab930 JavaThread "C1 CompilerThread0" daemon [_thread_in_native, id=19948, stack(0x000000e21a800000,0x000000e21a900000)]
  0x000002dc6299f7a0 JavaThread "Sweeper thread" daemon [_thread_blocked, id=20468, stack(0x000000e21a900000,0x000000e21aa00000)]
  0x000002dc63629850 JavaThread "Notification Thread" daemon [_thread_blocked, id=16208, stack(0x000000e21aa00000,0x000000e21ab00000)]
  0x000002dc63641910 JavaThread "Common-Cleaner" daemon [_thread_blocked, id=19996, stack(0x000000e21ac00000,0x000000e21ad00000)]
=>0x000002dc63913970 JavaThread "C2 CompilerThread1" daemon [_thread_in_native, id=16152, stack(0x000000e21ad00000,0x000000e21ae00000)]

Other Threads:
  0x000002dc62975d20 VMThread "VM Thread" [stack: 0x000000e21a000000,0x000000e21a100000] [id=19568]
  0x000002dc4518d7e0 WatcherThread [stack: 0x000000e21ab00000,0x000000e21ac00000] [id=7424]
  0x000002dc45170f60 GCTaskThread "GC Thread#0" [stack: 0x000000e219b00000,0x000000e219c00000] [id=16068]
  0x000002dc45182c30 ConcurrentGCThread "G1 Main Marker" [stack: 0x000000e219c00000,0x000000e219d00000] [id=14536]
  0x000002dc45183640 ConcurrentGCThread "G1 Conc#0" [stack: 0x000000e219d00000,0x000000e219e00000] [id=11780]
  0x000002dc628300a0 ConcurrentGCThread "G1 Refine#0" [stack: 0x000000e219e00000,0x000000e219f00000] [id=5368]
  0x000002dc62830ac0 ConcurrentGCThread "G1 Service" [stack: 0x000000e219f00000,0x000000e21a000000] [id=12616]

Threads with active compile tasks:
C1 CompilerThread0      780  456       3       java.net.URLStreamHandler::parseURL (1201 bytes)
C2 CompilerThread1      780  460       4       java.lang.StringLatin1::replace (198 bytes)

VM state: not at safepoint (normal execution)

VM Mutex/Monitor currently owned by a thread: None

Heap address: 0x0000000081400000, size: 2028 MB, Compressed Oops mode: 32-bit

CDS archive(s) mapped at: [0x0000000800000000-0x0000000800bc0000-0x0000000800bc0000), size 12320768, SharedBaseAddress: 0x0000000800000000, ArchiveRelocationMode: 0.
Compressed class space mapped at: 0x0000000800c00000-0x0000000840c00000, reserved size: 1073741824
Narrow klass base: 0x0000000800000000, Narrow klass shift: 0, Narrow klass range: 0x100000000

GC Precious Log:
 CPUs: 4 total, 4 available
 Memory: 8108M
 Large Page Support: Disabled
 NUMA Support: Disabled
 Compressed Oops: Enabled (32-bit)
 Heap Region Size: 1M
 Heap Min Capacity: 8M
 Heap Initial Capacity: 128M
 Heap Max Capacity: 2028M
 Pre-touch: Disabled
 Parallel Workers: 4
 Concurrent Workers: 1
 Concurrent Refinement Workers: 4
 Periodic GC: Disabled

Heap:
 garbage-first heap   total 131072K, used 6144K [0x0000000081400000, 0x0000000100000000)
  region size 1024K, 7 young (7168K), 0 survivors (0K)
 Metaspace       used 1288K, committed 1408K, reserved 1056768K
  class space    used 119K, committed 192K, reserved 1048576K

Heap Regions: E=young(eden), S=young(survivor), O=old, HS=humongous(starts), HC=humongous(continues), CS=collection set, F=free, OA=open archive, CA=closed archive, TAMS=top-at-mark-start (previous, next)
|   0|0x0000000081400000, 0x0000000081400000, 0x0000000081500000|  0%| F|  |TAMS 0x0000000081400000, 0x0000000081400000| Untracked 
|   1|0x0000000081500000, 0x0000000081500000, 0x0000000081600000|  0%| F|  |TAMS 0x0000000081500000, 0x0000000081500000| Untracked 
|   2|0x0000000081600000, 0x0000000081600000, 0x0000000081700000|  0%| F|  |TAMS 0x0000000081600000, 0x0000000081600000| Untracked 
|   3|0x0000000081700000, 0x0000000081700000, 0x0000000081800000|  0%| F|  |TAMS 0x0000000081700000, 0x0000000081700000| Untracked 
|   4|0x0000000081800000, 0x0000000081800000, 0x0000000081900000|  0%| F|  |TAMS 0x0000000081800000, 0x0000000081800000| Untracked 
|   5|0x0000000081900000, 0x0000000081900000, 0x0000000081a00000|  0%| F|  |TAMS 0x0000000081900000, 0x0000000081900000| Untracked 
|   6|0x0000000081a00000, 0x0000000081a00000, 0x0000000081b00000|  0%| F|  |TAMS 0x0000000081a00000, 0x0000000081a00000| Untracked 
|   7|0x0000000081b00000, 0x0000000081b00000, 0x0000000081c00000|  0%| F|  |TAMS 0x0000000081b00000, 0x0000000081b00000| Untracked 
|   8|0x0000000081c00000, 0x0000000081c00000, 0x0000000081d00000|  0%| F|  |TAMS 0x0000000081c00000, 0x0000000081c00000| Untracked 
|   9|0x0000000081d00000, 0x0000000081d00000, 0x0000000081e00000|  0%| F|  |TAMS 0x0000000081d00000, 0x0000000081d00000| Untracked 
|  10|0x0000000081e00000, 0x0000000081e00000, 0x0000000081f00000|  0%| F|  |TAMS 0x0000000081e00000, 0x0000000081e00000| Untracked 
|  11|0x0000000081f00000, 0x0000000081f00000, 0x0000000082000000|  0%| F|  |TAMS 0x0000000081f00000, 0x0000000081f00000| Untracked 
|  12|0x0000000082000000, 0x0000000082000000, 0x0000000082100000|  0%| F|  |TAMS 0x0000000082000000, 0x0000000082000000| Untracked 
|  13|0x0000000082100000, 0x0000000082100000, 0x0000000082200000|  0%| F|  |TAMS 0x0000000082100000, 0x0000000082100000| Untracked 
|  14|0x0000000082200000, 0x0000000082200000, 0x0000000082300000|  0%| F|  |TAMS 0x0000000082200000, 0x0000000082200000| Untracked 
|  15|0x0000000082300000, 0x0000000082300000, 0x0000000082400000|  0%| F|  |TAMS 0x0000000082300000, 0x0000000082300000| Untracked 
|  16|0x0000000082400000, 0x0000000082400000, 0x0000000082500000|  0%| F|  |TAMS 0x0000000082400000, 0x0000000082400000| Untracked 
|  17|0x0000000082500000, 0x0000000082500000, 0x0000000082600000|  0%| F|  |TAMS 0x0000000082500000, 0x0000000082500000| Untracked 
|  18|0x0000000082600000, 0x0000000082600000, 0x0000000082700000|  0%| F|  |TAMS 0x0000000082600000, 0x0000000082600000| Untracked 
|  19|0x0000000082700000, 0x0000000082700000, 0x0000000082800000|  0%| F|  |TAMS 0x0000000082700000, 0x0000000082700000| Untracked 
|  20|0x0000000082800000, 0x0000000082800000, 0x0000000082900000|  0%| F|  |TAMS 0x0000000082800000, 0x0000000082800000| Untracked 
|  21|0x0000000082900000, 0x0000000082900000, 0x0000000082a00000|  0%| F|  |TAMS 0x0000000082900000, 0x0000000082900000| Untracked 
|  22|0x0000000082a00000, 0x0000000082a00000, 0x0000000082b00000|  0%| F|  |TAMS 0x0000000082a00000, 0x0000000082a00000| Untracked 
|  23|0x0000000082b00000, 0x0000000082b00000, 0x0000000082c00000|  0%| F|  |TAMS 0x0000000082b00000, 0x0000000082b00000| Untracked 
|  24|0x0000000082c00000, 0x0000000082c00000, 0x0000000082d00000|  0%| F|  |TAMS 0x0000000082c00000, 0x0000000082c00000| Untracked 
|  25|0x0000000082d00000, 0x0000000082d00000, 0x0000000082e00000|  0%| F|  |TAMS 0x0000000082d00000, 0x0000000082d00000| Untracked 
|  26|0x0000000082e00000, 0x0000000082e00000, 0x0000000082f00000|  0%| F|  |TAMS 0x0000000082e00000, 0x0000000082e00000| Untracked 
|  27|0x0000000082f00000, 0x0000000082f00000, 0x0000000083000000|  0%| F|  |TAMS 0x0000000082f00000, 0x0000000082f00000| Untracked 
|  28|0x0000000083000000, 0x0000000083000000, 0x0000000083100000|  0%| F|  |TAMS 0x0000000083000000, 0x0000000083000000| Untracked 
|  29|0x0000000083100000, 0x0000000083100000, 0x0000000083200000|  0%| F|  |TAMS 0x0000000083100000, 0x0000000083100000| Untracked 
|  30|0x0000000083200000, 0x0000000083200000, 0x0000000083300000|  0%| F|  |TAMS 0x0000000083200000, 0x0000000083200000| Untracked 
|  31|0x0000000083300000, 0x0000000083300000, 0x0000000083400000|  0%| F|  |TAMS 0x0000000083300000, 0x0000000083300000| Untracked 
|  32|0x0000000083400000, 0x0000000083400000, 0x0000000083500000|  0%| F|  |TAMS 0x0000000083400000, 0x0000000083400000| Untracked 
|  33|0x0000000083500000, 0x0000000083500000, 0x0000000083600000|  0%| F|  |TAMS 0x0000000083500000, 0x0000000083500000| Untracked 
|  34|0x0000000083600000, 0x0000000083600000, 0x0000000083700000|  0%| F|  |TAMS 0x0000000083600000, 0x0000000083600000| Untracked 
|  35|0x0000000083700000, 0x0000000083700000, 0x0000000083800000|  0%| F|  |TAMS 0x0000000083700000, 0x0000000083700000| Untracked 
|  36|0x0000000083800000, 0x0000000083800000, 0x0000000083900000|  0%| F|  |TAMS 0x0000000083800000, 0x0000000083800000| Untracked 
|  37|0x0000000083900000, 0x0000000083900000, 0x0000000083a00000|  0%| F|  |TAMS 0x0000000083900000, 0x0000000083900000| Untracked 
|  38|0x0000000083a00000, 0x0000000083a00000, 0x0000000083b00000|  0%| F|  |TAMS 0x0000000083a00000, 0x0000000083a00000| Untracked 
|  39|0x0000000083b00000, 0x0000000083b00000, 0x0000000083c00000|  0%| F|  |TAMS 0x0000000083b00000, 0x0000000083b00000| Untracked 
|  40|0x0000000083c00000, 0x0000000083c00000, 0x0000000083d00000|  0%| F|  |TAMS 0x0000000083c00000, 0x0000000083c00000| Untracked 
|  41|0x0000000083d00000, 0x0000000083d00000, 0x0000000083e00000|  0%| F|  |TAMS 0x0000000083d00000, 0x0000000083d00000| Untracked 
|  42|0x0000000083e00000, 0x0000000083e00000, 0x0000000083f00000|  0%| F|  |TAMS 0x0000000083e00000, 0x0000000083e00000| Untracked 
|  43|0x0000000083f00000, 0x0000000083f00000, 0x0000000084000000|  0%| F|  |TAMS 0x0000000083f00000, 0x0000000083f00000| Untracked 
|  44|0x0000000084000000, 0x0000000084000000, 0x0000000084100000|  0%| F|  |TAMS 0x0000000084000000, 0x0000000084000000| Untracked 
|  45|0x0000000084100000, 0x0000000084100000, 0x0000000084200000|  0%| F|  |TAMS 0x0000000084100000, 0x0000000084100000| Untracked 
|  46|0x0000000084200000, 0x0000000084200000, 0x0000000084300000|  0%| F|  |TAMS 0x0000000084200000, 0x0000000084200000| Untracked 
|  47|0x0000000084300000, 0x0000000084300000, 0x0000000084400000|  0%| F|  |TAMS 0x0000000084300000, 0x0000000084300000| Untracked 
|  48|0x0000000084400000, 0x0000000084400000, 0x0000000084500000|  0%| F|  |TAMS 0x0000000084400000, 0x0000000084400000| Untracked 
|  49|0x0000000084500000, 0x0000000084500000, 0x0000000084600000|  0%| F|  |TAMS 0x0000000084500000, 0x0000000084500000| Untracked 
|  50|0x0000000084600000, 0x0000000084600000, 0x0000000084700000|  0%| F|  |TAMS 0x0000000084600000, 0x0000000084600000| Untracked 
|  51|0x0000000084700000, 0x0000000084700000, 0x0000000084800000|  0%| F|  |TAMS 0x0000000084700000, 0x0000000084700000| Untracked 
|  52|0x0000000084800000, 0x0000000084800000, 0x0000000084900000|  0%| F|  |TAMS 0x0000000084800000, 0x0000000084800000| Untracked 
|  53|0x0000000084900000, 0x0000000084900000, 0x0000000084a00000|  0%| F|  |TAMS 0x0000000084900000, 0x0000000084900000| Untracked 
|  54|0x0000000084a00000, 0x0000000084a00000, 0x0000000084b00000|  0%| F|  |TAMS 0x0000000084a00000, 0x0000000084a00000| Untracked 
|  55|0x0000000084b00000, 0x0000000084b00000, 0x0000000084c00000|  0%| F|  |TAMS 0x0000000084b00000, 0x0000000084b00000| Untracked 
|  56|0x0000000084c00000, 0x0000000084c00000, 0x0000000084d00000|  0%| F|  |TAMS 0x0000000084c00000, 0x0000000084c00000| Untracked 
|  57|0x0000000084d00000, 0x0000000084d00000, 0x0000000084e00000|  0%| F|  |TAMS 0x0000000084d00000, 0x0000000084d00000| Untracked 
|  58|0x0000000084e00000, 0x0000000084e00000, 0x0000000084f00000|  0%| F|  |TAMS 0x0000000084e00000, 0x0000000084e00000| Untracked 
|  59|0x0000000084f00000, 0x0000000084f00000, 0x0000000085000000|  0%| F|  |TAMS 0x0000000084f00000, 0x0000000084f00000| Untracked 
|  60|0x0000000085000000, 0x0000000085000000, 0x0000000085100000|  0%| F|  |TAMS 0x0000000085000000, 0x0000000085000000| Untracked 
|  61|0x0000000085100000, 0x0000000085100000, 0x0000000085200000|  0%| F|  |TAMS 0x0000000085100000, 0x0000000085100000| Untracked 
|  62|0x0000000085200000, 0x0000000085200000, 0x0000000085300000|  0%| F|  |TAMS 0x0000000085200000, 0x0000000085200000| Untracked 
|  63|0x0000000085300000, 0x0000000085300000, 0x0000000085400000|  0%| F|  |TAMS 0x0000000085300000, 0x0000000085300000| Untracked 
|  64|0x0000000085400000, 0x0000000085400000, 0x0000000085500000|  0%| F|  |TAMS 0x0000000085400000, 0x0000000085400000| Untracked 
|  65|0x0000000085500000, 0x0000000085500000, 0x0000000085600000|  0%| F|  |TAMS 0x0000000085500000, 0x0000000085500000| Untracked 
|  66|0x0000000085600000, 0x0000000085600000, 0x0000000085700000|  0%| F|  |TAMS 0x0000000085600000, 0x0000000085600000| Untracked 
|  67|0x0000000085700000, 0x0000000085700000, 0x0000000085800000|  0%| F|  |TAMS 0x0000000085700000, 0x0000000085700000| Untracked 
|  68|0x0000000085800000, 0x0000000085800000, 0x0000000085900000|  0%| F|  |TAMS 0x0000000085800000, 0x0000000085800000| Untracked 
|  69|0x0000000085900000, 0x0000000085900000, 0x0000000085a00000|  0%| F|  |TAMS 0x0000000085900000, 0x0000000085900000| Untracked 
|  70|0x0000000085a00000, 0x0000000085a00000, 0x0000000085b00000|  0%| F|  |TAMS 0x0000000085a00000, 0x0000000085a00000| Untracked 
|  71|0x0000000085b00000, 0x0000000085b00000, 0x0000000085c00000|  0%| F|  |TAMS 0x0000000085b00000, 0x0000000085b00000| Untracked 
|  72|0x0000000085c00000, 0x0000000085c00000, 0x0000000085d00000|  0%| F|  |TAMS 0x0000000085c00000, 0x0000000085c00000| Untracked 
|  73|0x0000000085d00000, 0x0000000085d00000, 0x0000000085e00000|  0%| F|  |TAMS 0x0000000085d00000, 0x0000000085d00000| Untracked 
|  74|0x0000000085e00000, 0x0000000085e00000, 0x0000000085f00000|  0%| F|  |TAMS 0x0000000085e00000, 0x0000000085e00000| Untracked 
|  75|0x0000000085f00000, 0x0000000085f00000, 0x0000000086000000|  0%| F|  |TAMS 0x0000000085f00000, 0x0000000085f00000| Untracked 
|  76|0x0000000086000000, 0x0000000086000000, 0x0000000086100000|  0%| F|  |TAMS 0x0000000086000000, 0x0000000086000000| Untracked 
|  77|0x0000000086100000, 0x0000000086100000, 0x0000000086200000|  0%| F|  |TAMS 0x0000000086100000, 0x0000000086100000| Untracked 
|  78|0x0000000086200000, 0x0000000086200000, 0x0000000086300000|  0%| F|  |TAMS 0x0000000086200000, 0x0000000086200000| Untracked 
|  79|0x0000000086300000, 0x0000000086300000, 0x0000000086400000|  0%| F|  |TAMS 0x0000000086300000, 0x0000000086300000| Untracked 
|  80|0x0000000086400000, 0x0000000086400000, 0x0000000086500000|  0%| F|  |TAMS 0x0000000086400000, 0x0000000086400000| Untracked 
|  81|0x0000000086500000, 0x0000000086500000, 0x0000000086600000|  0%| F|  |TAMS 0x0000000086500000, 0x0000000086500000| Untracked 
|  82|0x0000000086600000, 0x0000000086600000, 0x0000000086700000|  0%| F|  |TAMS 0x0000000086600000, 0x0000000086600000| Untracked 
|  83|0x0000000086700000, 0x0000000086700000, 0x0000000086800000|  0%| F|  |TAMS 0x0000000086700000, 0x0000000086700000| Untracked 
|  84|0x0000000086800000, 0x0000000086800000, 0x0000000086900000|  0%| F|  |TAMS 0x0000000086800000, 0x0000000086800000| Untracked 
|  85|0x0000000086900000, 0x0000000086900000, 0x0000000086a00000|  0%| F|  |TAMS 0x0000000086900000, 0x0000000086900000| Untracked 
|  86|0x0000000086a00000, 0x0000000086a00000, 0x0000000086b00000|  0%| F|  |TAMS 0x0000000086a00000, 0x0000000086a00000| Untracked 
|  87|0x0000000086b00000, 0x0000000086b00000, 0x0000000086c00000|  0%| F|  |TAMS 0x0000000086b00000, 0x0000000086b00000| Untracked 
|  88|0x0000000086c00000, 0x0000000086c00000, 0x0000000086d00000|  0%| F|  |TAMS 0x0000000086c00000, 0x0000000086c00000| Untracked 
|  89|0x0000000086d00000, 0x0000000086d00000, 0x0000000086e00000|  0%| F|  |TAMS 0x0000000086d00000, 0x0000000086d00000| Untracked 
|  90|0x0000000086e00000, 0x0000000086e00000, 0x0000000086f00000|  0%| F|  |TAMS 0x0000000086e00000, 0x0000000086e00000| Untracked 
|  91|0x0000000086f00000, 0x0000000086f00000, 0x0000000087000000|  0%| F|  |TAMS 0x0000000086f00000, 0x0000000086f00000| Untracked 
|  92|0x0000000087000000, 0x0000000087000000, 0x0000000087100000|  0%| F|  |TAMS 0x0000000087000000, 0x0000000087000000| Untracked 
|  93|0x0000000087100000, 0x0000000087100000, 0x0000000087200000|  0%| F|  |TAMS 0x0000000087100000, 0x0000000087100000| Untracked 
|  94|0x0000000087200000, 0x0000000087200000, 0x0000000087300000|  0%| F|  |TAMS 0x0000000087200000, 0x0000000087200000| Untracked 
|  95|0x0000000087300000, 0x0000000087300000, 0x0000000087400000|  0%| F|  |TAMS 0x0000000087300000, 0x0000000087300000| Untracked 
|  96|0x0000000087400000, 0x0000000087400000, 0x0000000087500000|  0%| F|  |TAMS 0x0000000087400000, 0x0000000087400000| Untracked 
|  97|0x0000000087500000, 0x0000000087500000, 0x0000000087600000|  0%| F|  |TAMS 0x0000000087500000, 0x0000000087500000| Untracked 
|  98|0x0000000087600000, 0x0000000087600000, 0x0000000087700000|  0%| F|  |TAMS 0x0000000087600000, 0x0000000087600000| Untracked 
|  99|0x0000000087700000, 0x0000000087700000, 0x0000000087800000|  0%| F|  |TAMS 0x0000000087700000, 0x0000000087700000| Untracked 
| 100|0x0000000087800000, 0x0000000087800000, 0x0000000087900000|  0%| F|  |TAMS 0x0000000087800000, 0x0000000087800000| Untracked 
| 101|0x0000000087900000, 0x0000000087900000, 0x0000000087a00000|  0%| F|  |TAMS 0x0000000087900000, 0x0000000087900000| Untracked 
| 102|0x0000000087a00000, 0x0000000087a00000, 0x0000000087b00000|  0%| F|  |TAMS 0x0000000087a00000, 0x0000000087a00000| Untracked 
| 103|0x0000000087b00000, 0x0000000087b00000, 0x0000000087c00000|  0%| F|  |TAMS 0x0000000087b00000, 0x0000000087b00000| Untracked 
| 104|0x0000000087c00000, 0x0000000087c00000, 0x0000000087d00000|  0%| F|  |TAMS 0x0000000087c00000, 0x0000000087c00000| Untracked 
| 105|0x0000000087d00000, 0x0000000087d00000, 0x0000000087e00000|  0%| F|  |TAMS 0x0000000087d00000, 0x0000000087d00000| Untracked 
| 106|0x0000000087e00000, 0x0000000087e00000, 0x0000000087f00000|  0%| F|  |TAMS 0x0000000087e00000, 0x0000000087e00000| Untracked 
| 107|0x0000000087f00000, 0x0000000087f00000, 0x0000000088000000|  0%| F|  |TAMS 0x0000000087f00000, 0x0000000087f00000| Untracked 
| 108|0x0000000088000000, 0x0000000088000000, 0x0000000088100000|  0%| F|  |TAMS 0x0000000088000000, 0x0000000088000000| Untracked 
| 109|0x0000000088100000, 0x0000000088100000, 0x0000000088200000|  0%| F|  |TAMS 0x0000000088100000, 0x0000000088100000| Untracked 
| 110|0x0000000088200000, 0x0000000088200000, 0x0000000088300000|  0%| F|  |TAMS 0x0000000088200000, 0x0000000088200000| Untracked 
| 111|0x0000000088300000, 0x0000000088300000, 0x0000000088400000|  0%| F|  |TAMS 0x0000000088300000, 0x0000000088300000| Untracked 
| 112|0x0000000088400000, 0x0000000088400000, 0x0000000088500000|  0%| F|  |TAMS 0x0000000088400000, 0x0000000088400000| Untracked 
| 113|0x0000000088500000, 0x0000000088500000, 0x0000000088600000|  0%| F|  |TAMS 0x0000000088500000, 0x0000000088500000| Untracked 
| 114|0x0000000088600000, 0x0000000088600000, 0x0000000088700000|  0%| F|  |TAMS 0x0000000088600000, 0x0000000088600000| Untracked 
| 115|0x0000000088700000, 0x0000000088700000, 0x0000000088800000|  0%| F|  |TAMS 0x0000000088700000, 0x0000000088700000| Untracked 
| 116|0x0000000088800000, 0x0000000088800000, 0x0000000088900000|  0%| F|  |TAMS 0x0000000088800000, 0x0000000088800000| Untracked 
| 117|0x0000000088900000, 0x0000000088900000, 0x0000000088a00000|  0%| F|  |TAMS 0x0000000088900000, 0x0000000088900000| Untracked 
| 118|0x0000000088a00000, 0x0000000088a00000, 0x0000000088b00000|  0%| F|  |TAMS 0x0000000088a00000, 0x0000000088a00000| Untracked 
| 119|0x0000000088b00000, 0x0000000088b00000, 0x0000000088c00000|  0%| F|  |TAMS 0x0000000088b00000, 0x0000000088b00000| Untracked 
| 120|0x0000000088c00000, 0x0000000088c00000, 0x0000000088d00000|  0%| F|  |TAMS 0x0000000088c00000, 0x0000000088c00000| Untracked 
| 121|0x0000000088d00000, 0x0000000088e00000, 0x0000000088e00000|100%| E|  |TAMS 0x0000000088d00000, 0x0000000088d00000| Complete 
| 122|0x0000000088e00000, 0x0000000088f00000, 0x0000000088f00000|100%| E|CS|TAMS 0x0000000088e00000, 0x0000000088e00000| Complete 
| 123|0x0000000088f00000, 0x0000000089000000, 0x0000000089000000|100%| E|CS|TAMS 0x0000000088f00000, 0x0000000088f00000| Complete 
| 124|0x0000000089000000, 0x0000000089100000, 0x0000000089100000|100%| E|CS|TAMS 0x0000000089000000, 0x0000000089000000| Complete 
| 125|0x0000000089100000, 0x0000000089200000, 0x0000000089200000|100%| E|CS|TAMS 0x0000000089100000, 0x0000000089100000| Complete 
| 126|0x0000000089200000, 0x0000000089300000, 0x0000000089300000|100%| E|CS|TAMS 0x0000000089200000, 0x0000000089200000| Complete 
| 127|0x0000000089300000, 0x0000000089400000, 0x0000000089400000|100%| E|CS|TAMS 0x0000000089300000, 0x0000000089300000| Complete 

Card table byte_map: [0x000002dc5bd80000,0x000002dc5c180000] _byte_map_base: 0x000002dc5b976000

Marking Bits (Prev, Next): (CMBitMap*) 0x000002dc45172580, (CMBitMap*) 0x000002dc451725c0
 Prev Bits: [0x000002dc5c580000, 0x000002dc5e530000)
 Next Bits: [0x000002dc5e530000, 0x000002dc604e0000)

Polling page: 0x000002dc43060000

Metaspace:

Usage:
  Non-class:      1.14 MB used.
      Class:    119.00 KB used.
       Both:      1.26 MB used.

Virtual space:
  Non-class space:        8.00 MB reserved,       1.19 MB ( 15%) committed,  1 nodes.
      Class space:        1.00 GB reserved,     192.00 KB ( <1%) committed,  1 nodes.
             Both:        1.01 GB reserved,       1.38 MB ( <1%) committed. 

Chunk freelists:
   Non-Class:  3.75 MB
       Class:  3.70 MB
        Both:  7.46 MB

MaxMetaspaceSize: unlimited
CompressedClassSpaceSize: 1.00 GB
Initial GC threshold: 21.00 MB
Current GC threshold: 21.00 MB
CDS: on
MetaspaceReclaimPolicy: balanced
 - commit_granule_bytes: 65536.
 - commit_granule_words: 8192.
 - virtual_space_node_default_size: 1048576.
 - enlarge_chunks_in_place: 1.
 - new_chunks_are_fully_committed: 0.
 - uncommit_free_chunks: 1.
 - use_allocation_guard: 0.
 - handle_deallocations: 1.


Internal statistics:

num_allocs_failed_limit: 0.
num_arena_births: 10.
num_arena_deaths: 0.
num_vsnodes_births: 2.
num_vsnodes_deaths: 0.
num_space_committed: 22.
num_space_uncommitted: 0.
num_chunks_returned_to_freelist: 0.
num_chunks_taken_from_freelist: 31.
num_chunk_merges: 0.
num_chunk_splits: 15.
num_chunks_enlarged: 10.
num_purges: 0.
num_inconsistent_stats: 0.

CodeHeap 'non-profiled nmethods': size=120000Kb used=141Kb max_used=141Kb free=119858Kb
 bounds [0x000002dc54450000, 0x000002dc546c0000, 0x000002dc5b980000]
CodeHeap 'profiled nmethods': size=120000Kb used=703Kb max_used=703Kb free=119296Kb
 bounds [0x000002dc4cf20000, 0x000002dc4d190000, 0x000002dc54450000]
CodeHeap 'non-nmethods': size=5760Kb used=1103Kb max_used=1117Kb free=4656Kb
 bounds [0x000002dc4c980000, 0x000002dc4cbf0000, 0x000002dc4cf20000]
 total_blobs=834 nmethods=457 adapters=290
 compilation: enabled
              stopped_count=0, restarted_count=0
 full_count=0

Compilation events (20 events):
Event: 0.692 Thread 0x000002dc63913970  446       4       java.lang.Math::min (11 bytes)
Event: 0.693 Thread 0x000002dc629ab930  447       1       java.lang.Module::getDescriptor (5 bytes)
Event: 0.693 Thread 0x000002dc629ab930 nmethod 447 0x000002dc54471a90 code [0x000002dc54471c20, 0x000002dc54471cf8]
Event: 0.693 Thread 0x000002dc629ab930  448       1       java.lang.module.ModuleDescriptor::provides (5 bytes)
Event: 0.693 Thread 0x000002dc629ab930 nmethod 448 0x000002dc54471d90 code [0x000002dc54471f20, 0x000002dc54471ff8]
Event: 0.693 Thread 0x000002dc63913970 nmethod 446 0x000002dc54472090 code [0x000002dc54472200, 0x000002dc54472258]
Event: 0.708 Thread 0x000002dc63913970  450       4       java.lang.ref.Reference::reachabilityFence (1 bytes)
Event: 0.708 Thread 0x000002dc63913970 nmethod 450 0x000002dc54472790 code [0x000002dc54472900, 0x000002dc54472958]
Event: 0.708 Thread 0x000002dc629ab930  451       3       java.nio.Buffer::checkIndex (22 bytes)
Event: 0.709 Thread 0x000002dc629ab930 nmethod 451 0x000002dc4cfcd090 code [0x000002dc4cfcd240, 0x000002dc4cfcd448]
Event: 0.709 Thread 0x000002dc629ab930  452   !   3       java.nio.DirectByteBuffer::get (34 bytes)
Event: 0.710 Thread 0x000002dc629ab930 nmethod 452 0x000002dc4cfcd510 code [0x000002dc4cfcd740, 0x000002dc4cfcdf98]
Event: 0.710 Thread 0x000002dc629ab930  453       3       java.nio.DirectByteBuffer::ix (10 bytes)
Event: 0.710 Thread 0x000002dc629ab930 nmethod 453 0x000002dc4cfce410 code [0x000002dc4cfce5a0, 0x000002dc4cfce6b8]
Event: 0.713 Thread 0x000002dc629ab930  454       3       jdk.internal.jimage.ImageStringsReader::unmaskedHashCode (166 bytes)
Event: 0.715 Thread 0x000002dc629ab930 nmethod 454 0x000002dc4cfce790 code [0x000002dc4cfce9e0, 0x000002dc4cfcf5d8]
Event: 0.716 Thread 0x000002dc629ab930  455       3       sun.net.www.protocol.file.Handler::parseURL (18 bytes)
Event: 0.716 Thread 0x000002dc629ab930 nmethod 455 0x000002dc4cfcfb10 code [0x000002dc4cfcfcc0, 0x000002dc4cfcfe78]
Event: 0.716 Thread 0x000002dc629ab930  456       3       java.net.URLStreamHandler::parseURL (1201 bytes)
Event: 0.721 Thread 0x000002dc63913970  460       4       java.lang.StringLatin1::replace (198 bytes)

GC Heap History (0 events):
No events

Deoptimization events (16 events):
Event: 0.283 Thread 0x000002dc45117770 Uncommon trap: trap_request=0xffffff45 fr.pc=0x000002dc544515f4 relative=0x0000000000000074
Event: 0.283 Thread 0x000002dc45117770 Uncommon trap: reason=unstable_if action=reinterpret pc=0x000002dc544515f4 method=java.lang.String.isLatin1()Z @ 10 c2
Event: 0.283 Thread 0x000002dc45117770 DEOPT PACKING pc=0x000002dc544515f4 sp=0x000000e219afeda0
Event: 0.283 Thread 0x000002dc45117770 DEOPT UNPACKING pc=0x000002dc4c9d23a3 sp=0x000000e219afece0 mode 2
Event: 0.324 Thread 0x000002dc45117770 DEOPT PACKING pc=0x000002dc4cf29967 sp=0x000000e219afa140
Event: 0.324 Thread 0x000002dc45117770 DEOPT UNPACKING pc=0x000002dc4c9d2b43 sp=0x000000e219af9560 mode 0
Event: 0.452 Thread 0x000002dc45117770 Uncommon trap: trap_request=0xffffff45 fr.pc=0x000002dc54458694 relative=0x0000000000000174
Event: 0.452 Thread 0x000002dc45117770 Uncommon trap: reason=unstable_if action=reinterpret pc=0x000002dc54458694 method=java.util.zip.ZipFile$Source.isMetaName([BII)Z @ 43 c2
Event: 0.452 Thread 0x000002dc45117770 DEOPT PACKING pc=0x000002dc54458694 sp=0x000000e219afa3d0
Event: 0.452 Thread 0x000002dc45117770 DEOPT UNPACKING pc=0x000002dc4c9d23a3 sp=0x000000e219afa378 mode 2
Event: 0.651 Thread 0x000002dc45117770 Uncommon trap: trap_request=0xffffff45 fr.pc=0x000002dc5446ceac relative=0x000000000000028c
Event: 0.651 Thread 0x000002dc45117770 Uncommon trap: reason=unstable_if action=reinterpret pc=0x000002dc5446ceac method=java.lang.String.startsWith(Ljava/lang/String;I)Z @ 14 c2
Event: 0.651 Thread 0x000002dc45117770 DEOPT PACKING pc=0x000002dc5446ceac sp=0x000000e219afed40
Event: 0.651 Thread 0x000002dc45117770 DEOPT UNPACKING pc=0x000002dc4c9d23a3 sp=0x000000e219afeca0 mode 2
Event: 0.666 Thread 0x000002dc45117770 DEOPT PACKING pc=0x000002dc4cf2bd65 sp=0x000000e219afdde0
Event: 0.666 Thread 0x000002dc45117770 DEOPT UNPACKING pc=0x000002dc4c9d2b43 sp=0x000000e219afd230 mode 0

Classes unloaded (0 events):
No events

Classes redefined (0 events):
No events

Internal exceptions (0 events):
No events

VM Operations (4 events):
Event: 0.309 Executing VM operation: HandshakeAllThreads
Event: 0.310 Executing VM operation: HandshakeAllThreads done
Event: 0.539 Executing VM operation: HandshakeAllThreads
Event: 0.539 Executing VM operation: HandshakeAllThreads done

Events (20 events):
Event: 0.682 loading class sun/reflect/generics/tree/Signature
Event: 0.682 loading class sun/reflect/generics/tree/Signature done
Event: 0.682 loading class sun/reflect/generics/tree/ClassSignature done
Event: 0.682 loading class sun/reflect/generics/tree/TypeVariableSignature
Event: 0.682 loading class sun/reflect/generics/tree/TypeVariableSignature done
Event: 0.682 loading class java/lang/reflect/TypeVariable
Event: 0.682 loading class java/lang/reflect/TypeVariable done
Event: 0.682 loading class sun/reflect/generics/reflectiveObjects/TypeVariableImpl
Event: 0.683 loading class sun/reflect/generics/reflectiveObjects/LazyReflectiveObjectGenerator
Event: 0.683 loading class sun/reflect/generics/reflectiveObjects/LazyReflectiveObjectGenerator done
Event: 0.683 loading class sun/reflect/generics/reflectiveObjects/TypeVariableImpl done
Event: 0.685 loading class jdk/internal/reflect/UnsafeQualifiedStaticObjectFieldAccessorImpl
Event: 0.685 loading class jdk/internal/reflect/UnsafeQualifiedStaticFieldAccessorImpl
Event: 0.685 loading class jdk/internal/reflect/UnsafeQualifiedStaticFieldAccessorImpl done
Event: 0.685 loading class jdk/internal/reflect/UnsafeQualifiedStaticObjectFieldAccessorImpl done
Event: 0.686 loading class java/util/NoSuchElementException
Event: 0.686 loading class java/util/NoSuchElementException done
Event: 0.688 loading class java/util/ServiceConfigurationError
Event: 0.688 loading class java/util/ServiceConfigurationError done
Event: 0.706 Loaded shared library C:\Program Files\Java\jdk-17.0.4.1\bin\jimage.dll


Dynamic libraries:
0x00007ff7edf20000 - 0x00007ff7edf30000 	C:\Program Files\Java\jdk-17.0.4.1\bin\javaw.exe
0x00007ffcd4c90000 - 0x00007ffcd4e88000 	C:\Windows\SYSTEM32\ntdll.dll
0x00007ffcd2cf0000 - 0x00007ffcd2dad000 	C:\Windows\System32\KERNEL32.DLL
0x00007ffcd28f0000 - 0x00007ffcd2bbe000 	C:\Windows\System32\KERNELBASE.dll
0x00007ffcd24b0000 - 0x00007ffcd25b0000 	C:\Windows\System32\ucrtbase.dll
0x00007ffcc4750000 - 0x00007ffcc4768000 	C:\Program Files\Java\jdk-17.0.4.1\bin\jli.dll
0x00007ffcd4530000 - 0x00007ffcd45de000 	C:\Windows\System32\ADVAPI32.dll
0x00007ffcd4750000 - 0x00007ffcd47ee000 	C:\Windows\System32\msvcrt.dll
0x00007ffcc4660000 - 0x00007ffcc467a000 	C:\Program Files\Java\jdk-17.0.4.1\bin\VCRUNTIME140.dll
0x00007ffcd3c90000 - 0x00007ffcd3d2c000 	C:\Windows\System32\sechost.dll
0x00007ffcd2db0000 - 0x00007ffcd2ed5000 	C:\Windows\System32\RPCRT4.dll
0x00007ffcd3dc0000 - 0x00007ffcd3f60000 	C:\Windows\System32\USER32.dll
0x00007ffcd2650000 - 0x00007ffcd2672000 	C:\Windows\System32\win32u.dll
0x00007ffcd3f60000 - 0x00007ffcd3f8a000 	C:\Windows\System32\GDI32.dll
0x00007ffcd2680000 - 0x00007ffcd278b000 	C:\Windows\System32\gdi32full.dll
0x00007ffcd25b0000 - 0x00007ffcd264d000 	C:\Windows\System32\msvcp_win.dll
0x00007ffcc5a80000 - 0x00007ffcc5d1a000 	C:\Windows\WinSxS\amd64_microsoft.windows.common-controls_6595b64144ccf1df_6.0.19041.1110_none_60b5254171f9507e\COMCTL32.dll
0x00007ffcc6e30000 - 0x00007ffcc6e3a000 	C:\Windows\SYSTEM32\VERSION.dll
0x00007ffcd4b50000 - 0x00007ffcd4b80000 	C:\Windows\System32\IMM32.DLL
0x00007ffccd4d0000 - 0x00007ffccd4dc000 	C:\Program Files\Java\jdk-17.0.4.1\bin\vcruntime140_1.dll
0x00007ffc9dea0000 - 0x00007ffc9df2d000 	C:\Program Files\Java\jdk-17.0.4.1\bin\msvcp140.dll
0x00007ffc90100000 - 0x00007ffc90cc2000 	C:\Program Files\Java\jdk-17.0.4.1\bin\server\jvm.dll
0x00007ffcd4300000 - 0x00007ffcd4308000 	C:\Windows\System32\PSAPI.DLL
0x00007ffcba280000 - 0x00007ffcba289000 	C:\Windows\SYSTEM32\WSOCK32.dll
0x00007ffcc4080000 - 0x00007ffcc40a7000 	C:\Windows\SYSTEM32\WINMM.dll
0x00007ffcd4310000 - 0x00007ffcd437b000 	C:\Windows\System32\WS2_32.dll
0x00007ffcd02a0000 - 0x00007ffcd02b2000 	C:\Windows\SYSTEM32\kernel.appcore.dll
0x00007ffcb8960000 - 0x00007ffcb896a000 	C:\Program Files\Java\jdk-17.0.4.1\bin\jimage.dll
0x00007ffcbe6f0000 - 0x00007ffcbe8d4000 	C:\Windows\SYSTEM32\DBGHELP.DLL
0x00007ffcbe6c0000 - 0x00007ffcbe6ec000 	C:\Windows\SYSTEM32\dbgcore.DLL
0x00007ffcd23b0000 - 0x00007ffcd2432000 	C:\Windows\System32\bcryptPrimitives.dll
0x00007ffc91360000 - 0x00007ffc91385000 	C:\Program Files\Java\jdk-17.0.4.1\bin\java.dll
0x00007ffc91280000 - 0x00007ffc91356000 	C:\Program Files\Java\jdk-17.0.4.1\bin\jsvml.dll
0x00007ffcd2f90000 - 0x00007ffcd36d3000 	C:\Windows\System32\SHELL32.dll
0x00007ffcd04a0000 - 0x00007ffcd0c35000 	C:\Windows\SYSTEM32\windows.storage.dll
0x00007ffcd47f0000 - 0x00007ffcd4b44000 	C:\Windows\System32\combase.dll
0x00007ffcd1d40000 - 0x00007ffcd1d70000 	C:\Windows\SYSTEM32\Wldp.dll
0x00007ffcd2ee0000 - 0x00007ffcd2f8d000 	C:\Windows\System32\SHCORE.dll
0x00007ffcd46f0000 - 0x00007ffcd4745000 	C:\Windows\System32\shlwapi.dll
0x00007ffcd22f0000 - 0x00007ffcd230f000 	C:\Windows\SYSTEM32\profapi.dll
0x00007ffc91260000 - 0x00007ffc91279000 	C:\Program Files\Java\jdk-17.0.4.1\bin\net.dll
0x00007ffcc8830000 - 0x00007ffcc893a000 	C:\Windows\SYSTEM32\WINHTTP.dll
0x00007ffcd1aa0000 - 0x00007ffcd1b0a000 	C:\Windows\system32\mswsock.dll
0x00007ffc91240000 - 0x00007ffc91256000 	C:\Program Files\Java\jdk-17.0.4.1\bin\nio.dll
0x00007ffc91220000 - 0x00007ffc91238000 	C:\Program Files\Java\jdk-17.0.4.1\bin\zip.dll

dbghelp: loaded successfully - version: 4.0.5 - missing functions: none
symbol engine: initialized successfully - sym options: 0x614 - pdb path: .;C:\Program Files\Java\jdk-17.0.4.1\bin;C:\Windows\SYSTEM32;C:\Windows\WinSxS\amd64_microsoft.windows.common-controls_6595b64144ccf1df_6.0.19041.1110_none_60b5254171f9507e;C:\Program Files\Java\jdk-17.0.4.1\bin\server

VM Arguments:
jvm_args: -ea -Dfile.encoding=UTF-8 -XX:+ShowCodeDetailsInExceptionMessages 
java_command: org.testng.remote.RemoteTestNG -serport 52933 -protocol json -d C:\Users\DIVYA\eclipse-workspace\success\test-output C:\Users\DIVYA\eclipse-workspace\success\testng_crossBrowser.xml
java_class_path (initial): C:\Users\DIVYA\eclipse\java-2022-06\eclipse\configuration\org.eclipse.osgi\429\0\.cp\lib\testng-remote.jar;C:\Users\DIVYA\eclipse-workspace\success\target\test-classes;C:\Users\DIVYA\eclipse-workspace\success\target\classes;C:\Users\DIVYA\.m2\repository\org\seleniumhq\selenium\selenium-java\4.5.0\selenium-java-4.5.0.jar;C:\Users\DIVYA\.m2\repository\org\seleniumhq\selenium\selenium-api\4.5.0\selenium-api-4.5.0.jar;C:\Users\DIVYA\.m2\repository\org\seleniumhq\selenium\selenium-chrome-driver\4.5.0\selenium-chrome-driver-4.5.0.jar;C:\Users\DIVYA\.m2\repository\com\google\auto\service\auto-service-annotations\1.0.1\auto-service-annotations-1.0.1.jar;C:\Users\DIVYA\.m2\repository\com\google\auto\service\auto-service\1.0.1\auto-service-1.0.1.jar;C:\Users\DIVYA\.m2\repository\com\google\auto\auto-common\1.2\auto-common-1.2.jar;C:\Users\DIVYA\.m2\repository\com\google\guava\guava\31.1-jre\guava-31.1-jre.jar;C:\Users\DIVYA\.m2\repository\com\google\guava\failureaccess\1.0.1\failureaccess-1.0.1.jar;C:\Users\DIVYA\.m2\repository\com\google\guava\listenablefuture\9999.0-empty-to-avoid-conflict-with-guava\listenablefuture-9999.0-empty-to-avoid-conflict-with-guava.jar;C:\Users\DIVYA\.m2\repository\org\checkerframework\checker-qual\3.12.0\checker-qual-3.12.0.jar;C:\Users\DIVYA\.m2\repository\com\google\errorprone\error_prone_annotations\2.11.0\error_prone_annotations-2.11.0.jar;C:\Users\DIVYA\.m2\repository\com\google\j2objc\j2objc-annotations\1.3\j2objc-annotations-1.3.jar;C:\Users\DIVYA\.m2\repository\org\seleniumhq\selenium\selenium-chromium-driver\4.5.0\selenium-chromium-driver-4.5.0.jar;C:\Users\DIVYA\.m2\repository\org\seleniumhq\selenium\selenium-json\4.5.0\selenium-json-4.5.0.jar;C:\Users\DIVYA\.m2\repository\org\seleniumhq\selenium\selenium-devtools-v104\4.5.0\selenium-devtools-v104-4.5.0.jar;C:\Users\DIVYA\.m2\repository\org\seleniumhq\selenium\selenium-devtools-v105\4.5.0\selenium-devtools-v105-4.5.0.jar;C:\Users\DIVYA\.m2\repository\org\sel
Launcher Type: SUN_STANDARD

[Global flags]
     intx CICompilerCount                          = 3                                         {product} {ergonomic}
     uint ConcGCThreads                            = 1                                         {product} {ergonomic}
     uint G1ConcRefinementThreads                  = 4                                         {product} {ergonomic}
   size_t G1HeapRegionSize                         = 1048576                                   {product} {ergonomic}
    uintx GCDrainStackTargetSize                   = 64                                        {product} {ergonomic}
   size_t InitialHeapSize                          = 134217728                                 {product} {ergonomic}
   size_t MarkStackSize                            = 4194304                                   {product} {ergonomic}
   size_t MaxHeapSize                              = 2126512128                                {product} {ergonomic}
   size_t MaxNewSize                               = 1275068416                                {product} {ergonomic}
   size_t MinHeapDeltaBytes                        = 1048576                                   {product} {ergonomic}
   size_t MinHeapSize                              = 8388608                                   {product} {ergonomic}
    uintx NonNMethodCodeHeapSize                   = 5832780                                {pd product} {ergonomic}
    uintx NonProfiledCodeHeapSize                  = 122912730                              {pd product} {ergonomic}
    uintx ProfiledCodeHeapSize                     = 122912730                              {pd product} {ergonomic}
    uintx ReservedCodeCacheSize                    = 251658240                              {pd product} {ergonomic}
     bool SegmentedCodeCache                       = true                                      {product} {ergonomic}
     bool ShowCodeDetailsInExceptionMessages       = true                                   {manageable} {command line}
   size_t SoftMaxHeapSize                          = 2126512128                             {manageable} {ergonomic}
     bool UseCompressedClassPointers               = true                           {product lp64_product} {ergonomic}
     bool UseCompressedOops                        = true                           {product lp64_product} {ergonomic}
     bool UseG1GC                                  = true                                      {product} {ergonomic}
     bool UseLargePagesIndividualAllocation        = false                                  {pd product} {ergonomic}

Logging:
Log output configuration:
 #0: stdout all=warning uptime,level,tags
 #1: stderr all=off uptime,level,tags

Environment Variables:
JAVA_HOME=C:\Program Files\Java\jdk-17.0.4.1
PATH=C:/Program Files/Java/jdk-17.0.4.1/bin/server;C:/Program Files/Java/jdk-17.0.4.1/bin;C:\Program Files\Java\jdk-17.0.4.1\bin;C:\Users\DIVYA\maven\apache-maven-3.8.6\bin;C:\Program Files\Common Files\Oracle\Java\javapath;C:\Windows\system32;C:\Windows;C:\Windows\System32\Wbem;C:\Windows\System32\WindowsPowerShell\v1.0\;C:\Windows\System32\OpenSSH\;C:\Program Files\Git\cmd;C:\maven\apache-maven-3.8.6\bin;%M2_home%\bin;C:\maven\apache-maven-3.8.6;C:\Users\DIVYA\AppData\Local\Microsoft\WindowsApps;;C:\Users\DIVYA\AppData\Local\Programs\Microsoft VS Code\bin;C:\Users\DIVYA\Desktop;
USERNAME=DIVYA
OS=Windows_NT
PROCESSOR_IDENTIFIER=Intel64 Family 6 Model 69 Stepping 1, GenuineIntel



---------------  S Y S T E M  ---------------

OS:
 Windows 10 , 64 bit Build 19041 (10.0.19041.1889)
OS uptime: 16 days 11:25 hours

CPU: total 4 (initial active 4) (2 cores per cpu, 2 threads per core) family 6 model 69 stepping 1 microcode 0x25, cx8, cmov, fxsr, ht, mmx, sse, sse2, sse3, ssse3, sse4.1, sse4.2, popcnt, lzcnt, tsc, tscinvbit, avx, avx2, aes, erms, clmul, bmi1, bmi2, fma, vzeroupper, clflush

Memory: 4k page, system-wide physical 8108M (1693M free)
TotalPageFile size 10647M (AvailPageFile size 7M)
current process WorkingSet (physical memory assigned to process): 47M, peak: 47M
current process commit charge ("private bytes"): 212M, peak: 212M

vm_info: Java HotSpot(TM) 64-Bit Server VM (17.0.4.1+1-LTS-2) for windows-amd64 JRE (17.0.4.1+1-LTS-2), built on Aug 16 2022 18:32:06 by "mach5one" with MS VC++ 16.8 / 16.9 (VS2019)

END.
